[ERROR][15:52:36,399][main][ ][ ][ ][tr002][cn.sunline.ltts.engine.biz.runtime.InvokeProcUtil$2:128][调用过程失败:class cn.sunline.ltts.busi.online.trans.trans.tr002.cteate ',Cause:null']
[ERROR][15:52:36,401][main][ ][ ][ ][tr002][cn.sunline.ltts.plugin.online.facade.OnlineFacade:129][[5daabd76fddca37e799d865ab127a83d] 处理请求失败 ]
cn.sunline.ltts.core.api.exception.LTTSDaoException: [SYS.E0001]Page.selectPageInfo命名SQL出错:|1146|42S02|Table 'sunline.kapp_custinfo' doesn't exist
	at cn.sunline.ltts.dao.util.ExceptionWrapUtil.daoExceptionWrap(ExceptionWrapUtil.java:36) ~[ltts-dao-2.6.6-RELEASE.jar:2.6.6-RELEASE]
	at cn.sunline.ltts.dao.util.ExceptionWrapUtil.daoExceptionWrap(ExceptionWrapUtil.java:51) ~[ltts-dao-2.6.6-RELEASE.jar:2.6.6-RELEASE]
	at cn.sunline.ltts.dao.mybatis.MyBatisSqlProcessor.querySqlList(MyBatisSqlProcessor.java:442) ~[ltts-dao-2.6.6-RELEASE.jar:2.6.6-RELEASE]
	at cn.sunline.ltts.dao.mybatis.MyBatisSqlProcessor.querySqlList(MyBatisSqlProcessor.java:834) ~[ltts-dao-2.6.6-RELEASE.jar:2.6.6-RELEASE]
	at cn.sunline.ltts.dao.impl.DefaultCommonDao.querySqlList(DefaultCommonDao.java:281) ~[ltts-dao-2.6.6-RELEASE.jar:2.6.6-RELEASE]
	at cn.sunline.ltts.busi.sdk.util.DaoUtil.selectPage(DaoUtil.java:388) ~[ltts-core-plugin-2.6.6-RELEASE.jar:2.6.6-RELEASE]
	at cn.sunline.ltts.busi.sdk.util.DaoUtil.selectPage(DaoUtil.java:378) ~[ltts-core-plugin-2.6.6-RELEASE.jar:2.6.6-RELEASE]
	at cn.sunline.ltts.busi.online.trans.trans.tr002.cteate(tr002.java:16) ~[classes/:?]
	at sun.reflect.NativeMethodAccessorImpl.invoke0(Native Method) ~[?:1.8.0_161]
	at sun.reflect.NativeMethodAccessorImpl.invoke(Unknown Source) ~[?:1.8.0_161]
	at sun.reflect.DelegatingMethodAccessorImpl.invoke(Unknown Source) ~[?:1.8.0_161]
	at java.lang.reflect.Method.invoke(Unknown Source) ~[?:1.8.0_161]
	at cn.sunline.ltts.engine.biz.runtime.InvokeProcUtil$2.execute(InvokeProcUtil.java:113) ~[ltts-engine-2.6.6-RELEASE.jar:2.6.6-RELEASE]
	at cn.sunline.ltts.core.api.util.ProfileUtil.doProfile(ProfileUtil.java:111) ~[ltts-api-2.6.6-RELEASE.jar:2.6.6-RELEASE]
	at cn.sunline.ltts.engine.biz.runtime.InvokeProcUtil.invokeMethod(InvokeProcUtil.java:110) ~[ltts-engine-2.6.6-RELEASE.jar:2.6.6-RELEASE]
	at cn.sunline.ltts.engine.biz.runtime.InvokeProcUtil.callProfile(InvokeProcUtil.java:59) ~[ltts-engine-2.6.6-RELEASE.jar:2.6.6-RELEASE]
	at cn.sunline.ltts.engine.biz.runtime.InvokeProcUtil.callProfile(InvokeProcUtil.java:73) ~[ltts-engine-2.6.6-RELEASE.jar:2.6.6-RELEASE]
	at cn.sunline.ltts.plugin.online.engine.runtime.FlowMethodNodeExecutor.run(FlowMethodNodeExecutor.java:118) ~[ltts-engine-online-plugin-2.6.6-RELEASE.jar:2.6.6-RELEASE]
	at cn.sunline.ltts.plugin.online.engine.CommonProcessorUtil$1.run(CommonProcessorUtil.java:142) ~[ltts-engine-online-plugin-2.6.6-RELEASE.jar:2.6.6-RELEASE]
	at cn.sunline.ltts.plugin.online.engine.flow.FlowEngine.run(FlowEngine.java:83) ~[ltts-engine-online-plugin-2.6.6-RELEASE.jar:2.6.6-RELEASE]
	at cn.sunline.ltts.plugin.online.engine.flow.FlowEngine.run(FlowEngine.java:49) ~[ltts-engine-online-plugin-2.6.6-RELEASE.jar:2.6.6-RELEASE]
	at cn.sunline.ltts.plugin.online.engine.CommonProcessorUtil.runFlow(CommonProcessorUtil.java:45) ~[ltts-engine-online-plugin-2.6.6-RELEASE.jar:2.6.6-RELEASE]
	at cn.sunline.ltts.plugin.online.engine.runtime.ProcessRT$1.call(ProcessRT.java:68) ~[ltts-engine-online-plugin-2.6.6-RELEASE.jar:2.6.6-RELEASE]
	at cn.sunline.ltts.plugin.online.engine.runtime.ProcessRT$1.call(ProcessRT.java:66) ~[ltts-engine-online-plugin-2.6.6-RELEASE.jar:2.6.6-RELEASE]
	at cn.sunline.ltts.plugin.online.engine.runtime.ContextManager.runInFlow(ContextManager.java:46) ~[ltts-engine-online-plugin-2.6.6-RELEASE.jar:2.6.6-RELEASE]
	at cn.sunline.ltts.plugin.online.engine.runtime.ContextManager.runInFlowTran(ContextManager.java:25) ~[ltts-engine-online-plugin-2.6.6-RELEASE.jar:2.6.6-RELEASE]
	at cn.sunline.ltts.plugin.online.engine.runtime.ProcessRT.run(ProcessRT.java:65) ~[ltts-engine-online-plugin-2.6.6-RELEASE.jar:2.6.6-RELEASE]
	at cn.sunline.ltts.plugin.online.engine.FlowTransProcessor.process(FlowTransProcessor.java:93) ~[ltts-engine-online-plugin-2.6.6-RELEASE.jar:2.6.6-RELEASE]
	at cn.sunline.ltts.plugin.online.engine.FlowTransProcessor.process(FlowTransProcessor.java:32) ~[ltts-engine-online-plugin-2.6.6-RELEASE.jar:2.6.6-RELEASE]
	at cn.sunline.ltts.plugin.online.engine.CommonProcessor.process(CommonProcessor.java:54) ~[ltts-engine-online-plugin-2.6.6-RELEASE.jar:2.6.6-RELEASE]
	at cn.sunline.ltts.plugin.online.facade.AbstractFacade.processFlow(AbstractFacade.java:135) ~[ltts-engine-online-plugin-2.6.6-RELEASE.jar:2.6.6-RELEASE]
	at cn.sunline.ltts.plugin.online.facade.OnlineFacade._process(OnlineFacade.java:359) ~[ltts-engine-online-plugin-2.6.6-RELEASE.jar:2.6.6-RELEASE]
	at cn.sunline.ltts.plugin.online.facade.OnlineFacade.process(OnlineFacade.java:112) [ltts-engine-online-plugin-2.6.6-RELEASE.jar:2.6.6-RELEASE]
	at cn.sunline.ltts.engine.TxnExecutorImpl.handle(TxnExecutorImpl.java:160) [ltts-engine-online-plugin-2.6.6-RELEASE.jar:2.6.6-RELEASE]
	at cn.sunline.ltts.engine.TxnExecutorImpl.handle(TxnExecutorImpl.java:101) [ltts-engine-online-plugin-2.6.6-RELEASE.jar:2.6.6-RELEASE]
	at cn.sunline.ltts.engine.TxnExecutorImpl.run(TxnExecutorImpl.java:68) [ltts-engine-online-plugin-2.6.6-RELEASE.jar:2.6.6-RELEASE]
	at cn.sunline.ltts.plugin.online.spi.IOnlineIDERunner._run(IOnlineIDERunner.java:19) [ltts-engine-online-plugin-2.6.6-RELEASE.jar:2.6.6-RELEASE]
	at cn.sunline.ltts.engine.TxnExecutor.main(TxnExecutor.java:13) [ltts-engine-online-plugin-2.6.6-RELEASE.jar:2.6.6-RELEASE]
Caused by: com.mysql.jdbc.exceptions.jdbc4.MySQLSyntaxErrorException: Table 'sunline.kapp_custinfo' doesn't exist
	at sun.reflect.NativeConstructorAccessorImpl.newInstance0(Native Method) ~[?:1.8.0_161]
	at sun.reflect.NativeConstructorAccessorImpl.newInstance(Unknown Source) ~[?:1.8.0_161]
	at sun.reflect.DelegatingConstructorAccessorImpl.newInstance(Unknown Source) ~[?:1.8.0_161]
	at java.lang.reflect.Constructor.newInstance(Unknown Source) ~[?:1.8.0_161]
	at com.mysql.jdbc.Util.handleNewInstance(Util.java:408) ~[mysql-connector-java-5.1.31.jar:?]
	at com.mysql.jdbc.Util.getInstance(Util.java:383) ~[mysql-connector-java-5.1.31.jar:?]
	at com.mysql.jdbc.SQLError.createSQLException(SQLError.java:1062) ~[mysql-connector-java-5.1.31.jar:?]
	at com.mysql.jdbc.MysqlIO.checkErrorPacket(MysqlIO.java:4226) ~[mysql-connector-java-5.1.31.jar:?]
	at com.mysql.jdbc.MysqlIO.checkErrorPacket(MysqlIO.java:4158) ~[mysql-connector-java-5.1.31.jar:?]
	at com.mysql.jdbc.MysqlIO.sendCommand(MysqlIO.java:2615) ~[mysql-connector-java-5.1.31.jar:?]
	at com.mysql.jdbc.MysqlIO.sqlQueryDirect(MysqlIO.java:2776) ~[mysql-connector-java-5.1.31.jar:?]
	at com.mysql.jdbc.ConnectionImpl.execSQL(ConnectionImpl.java:2840) ~[mysql-connector-java-5.1.31.jar:?]
	at com.mysql.jdbc.PreparedStatement.executeInternal(PreparedStatement.java:2082) ~[mysql-connector-java-5.1.31.jar:?]
	at com.mysql.jdbc.PreparedStatement.execute(PreparedStatement.java:1302) ~[mysql-connector-java-5.1.31.jar:?]
	at org.apache.ibatis.executor.statement.PreparedStatementHandler.query(PreparedStatementHandler.java:56) ~[mybatis-3.2.2.jar:3.2.2]
	at cn.sunline.ltts.dao.mybatis.extension.RoutingStatementHandlerEx.query(RoutingStatementHandlerEx.java:131) ~[ltts-dao-2.6.6-RELEASE.jar:2.6.6-RELEASE]
	at sun.reflect.GeneratedMethodAccessor59.invoke(Unknown Source) ~[?:?]
	at sun.reflect.DelegatingMethodAccessorImpl.invoke(Unknown Source) ~[?:1.8.0_161]
	at java.lang.reflect.Method.invoke(Unknown Source) ~[?:1.8.0_161]
	at org.apache.ibatis.plugin.Plugin.invoke(Plugin.java:59) ~[mybatis-3.2.2.jar:3.2.2]
	at com.sun.proxy.$Proxy63.query(Unknown Source) ~[?:?]
	at sun.reflect.GeneratedMethodAccessor59.invoke(Unknown Source) ~[?:?]
	at sun.reflect.DelegatingMethodAccessorImpl.invoke(Unknown Source) ~[?:1.8.0_161]
	at java.lang.reflect.Method.invoke(Unknown Source) ~[?:1.8.0_161]
	at org.apache.ibatis.plugin.Invocation.proceed(Invocation.java:46) ~[mybatis-3.2.2.jar:3.2.2]
	at cn.sunline.ltts.dao.plugin.MybatisSqlInterceptor.intercept(MybatisSqlInterceptor.java:39) ~[ltts-dao-2.6.6-RELEASE.jar:2.6.6-RELEASE]
	at org.apache.ibatis.plugin.Plugin.invoke(Plugin.java:57) ~[mybatis-3.2.2.jar:3.2.2]
	at com.sun.proxy.$Proxy63.query(Unknown Source) ~[?:?]
	at org.apache.ibatis.executor.SimpleExecutor.doQuery(SimpleExecutor.java:57) ~[mybatis-3.2.2.jar:3.2.2]
	at org.apache.ibatis.executor.BaseExecutor.queryFromDatabase(BaseExecutor.java:259) ~[mybatis-3.2.2.jar:3.2.2]
	at org.apache.ibatis.executor.BaseExecutor.query(BaseExecutor.java:132) ~[mybatis-3.2.2.jar:3.2.2]
	at org.apache.ibatis.executor.CachingExecutor.query(CachingExecutor.java:105) ~[mybatis-3.2.2.jar:3.2.2]
	at org.apache.ibatis.executor.CachingExecutor.query(CachingExecutor.java:81) ~[mybatis-3.2.2.jar:3.2.2]
	at org.apache.ibatis.session.defaults.DefaultSqlSession.select(DefaultSqlSession.java:124) ~[mybatis-3.2.2.jar:3.2.2]
	at cn.sunline.ltts.dao.mybatis.MyBatisSqlProcessor.querySqlList(MyBatisSqlProcessor.java:748) ~[ltts-dao-2.6.6-RELEASE.jar:2.6.6-RELEASE]
	at cn.sunline.ltts.dao.mybatis.MyBatisSqlProcessor.querySqlList(MyBatisSqlProcessor.java:439) ~[ltts-dao-2.6.6-RELEASE.jar:2.6.6-RELEASE]
	... 35 more
