[ERROR][23:43:43,257][main][ ][ ][ ][tr001][cn.sunline.ltts.plugin.online.engine.FlowTransProcessor:279][执行交易tr001异常处理规则发生错误]
cn.sunline.ltts.core.api.exception.LttsBusinessException: [Aplt.E0005]ksys_ywfwdy表中未找到业务服务[SaveCustInfo.createCust]对应的记录
	at cn.sunline.edsp.plugin.dtsp.custom.extension.CustomServiceProcessCallback.getDBBizServiceController(CustomServiceProcessCallback.java:67) ~[edsp-custom-plugin-2.6.6-RELEASE.jar:2.6.6-RELEASE]
	at cn.sunline.edsp.plugin.dtsp.custom.extension.CustomServiceProcessCallback.getBizServiceController(CustomServiceProcessCallback.java:35) ~[edsp-custom-plugin-2.6.6-RELEASE.jar:2.6.6-RELEASE]
	at cn.sunline.ltts.plugin.online.extensions.OnlineServiceControllerManager.getServiceController(OnlineServiceControllerManager.java:34) ~[ltts-engine-online-plugin-2.6.6-RELEASE.jar:2.6.6-RELEASE]
	at cn.sunline.edsp.service.type.api.ServiceUtil.getServiceController(ServiceUtil.java:241) ~[edsp-service-type-plugin-2.6.6-RELEASE.jar:2.6.6-RELEASE]
	at cn.sunline.edsp.service.type.api.ServiceUtil.executorRouteService(ServiceUtil.java:66) ~[edsp-service-type-plugin-2.6.6-RELEASE.jar:2.6.6-RELEASE]
	at cn.sunline.ltts.plugin.online.engine.runtime.FlowServiceNodeExecutor.run(FlowServiceNodeExecutor.java:107) ~[ltts-engine-online-plugin-2.6.6-RELEASE.jar:2.6.6-RELEASE]
	at cn.sunline.ltts.plugin.online.engine.FlowTransProcessor.exceptionProcess(FlowTransProcessor.java:270) [ltts-engine-online-plugin-2.6.6-RELEASE.jar:2.6.6-RELEASE]
	at cn.sunline.ltts.plugin.online.engine.FlowTransProcessor.process(FlowTransProcessor.java:116) [ltts-engine-online-plugin-2.6.6-RELEASE.jar:2.6.6-RELEASE]
	at cn.sunline.ltts.plugin.online.engine.FlowTransProcessor.process(FlowTransProcessor.java:32) [ltts-engine-online-plugin-2.6.6-RELEASE.jar:2.6.6-RELEASE]
	at cn.sunline.ltts.plugin.online.engine.CommonProcessor.process(CommonProcessor.java:54) [ltts-engine-online-plugin-2.6.6-RELEASE.jar:2.6.6-RELEASE]
	at cn.sunline.ltts.plugin.online.facade.AbstractFacade.processFlow(AbstractFacade.java:135) [ltts-engine-online-plugin-2.6.6-RELEASE.jar:2.6.6-RELEASE]
	at cn.sunline.ltts.plugin.online.facade.OnlineFacade._process(OnlineFacade.java:359) [ltts-engine-online-plugin-2.6.6-RELEASE.jar:2.6.6-RELEASE]
	at cn.sunline.ltts.plugin.online.facade.OnlineFacade.process(OnlineFacade.java:112) [ltts-engine-online-plugin-2.6.6-RELEASE.jar:2.6.6-RELEASE]
	at cn.sunline.ltts.engine.TxnExecutorImpl.handle(TxnExecutorImpl.java:160) [ltts-engine-online-plugin-2.6.6-RELEASE.jar:2.6.6-RELEASE]
	at cn.sunline.ltts.engine.TxnExecutorImpl.handle(TxnExecutorImpl.java:101) [ltts-engine-online-plugin-2.6.6-RELEASE.jar:2.6.6-RELEASE]
	at cn.sunline.ltts.engine.TxnExecutorImpl.run(TxnExecutorImpl.java:68) [ltts-engine-online-plugin-2.6.6-RELEASE.jar:2.6.6-RELEASE]
	at cn.sunline.ltts.plugin.online.spi.IOnlineIDERunner._run(IOnlineIDERunner.java:19) [ltts-engine-online-plugin-2.6.6-RELEASE.jar:2.6.6-RELEASE]
	at cn.sunline.ltts.engine.TxnExecutor.main(TxnExecutor.java:13) [ltts-engine-online-plugin-2.6.6-RELEASE.jar:2.6.6-RELEASE]
[ERROR][23:43:43,259][main][ ][ ][ ][tr001][cn.sunline.ltts.plugin.online.facade.OnlineFacade:129][[66bd8db2cbca444c29b65dc96db73932] 处理请求失败 ]
cn.sunline.ltts.core.api.exception.LttsBusinessException: [Aplt.E0005]ksys_ywfwdy表中未找到业务服务[SaveCustInfo.createCust]对应的记录
	at cn.sunline.edsp.plugin.dtsp.custom.extension.CustomServiceProcessCallback.getDBBizServiceController(CustomServiceProcessCallback.java:67) ~[edsp-custom-plugin-2.6.6-RELEASE.jar:2.6.6-RELEASE]
	at cn.sunline.edsp.plugin.dtsp.custom.extension.CustomServiceProcessCallback.getBizServiceController(CustomServiceProcessCallback.java:35) ~[edsp-custom-plugin-2.6.6-RELEASE.jar:2.6.6-RELEASE]
	at cn.sunline.ltts.plugin.online.extensions.OnlineServiceControllerManager.getServiceController(OnlineServiceControllerManager.java:34) ~[ltts-engine-online-plugin-2.6.6-RELEASE.jar:2.6.6-RELEASE]
	at cn.sunline.edsp.service.type.api.ServiceUtil.getServiceController(ServiceUtil.java:241) ~[edsp-service-type-plugin-2.6.6-RELEASE.jar:2.6.6-RELEASE]
	at cn.sunline.edsp.service.type.api.ServiceUtil.executorRouteService(ServiceUtil.java:66) ~[edsp-service-type-plugin-2.6.6-RELEASE.jar:2.6.6-RELEASE]
	at cn.sunline.ltts.plugin.online.engine.runtime.FlowServiceNodeExecutor.run(FlowServiceNodeExecutor.java:107) ~[ltts-engine-online-plugin-2.6.6-RELEASE.jar:2.6.6-RELEASE]
	at cn.sunline.ltts.plugin.online.engine.CommonProcessorUtil$1.run(CommonProcessorUtil.java:110) ~[ltts-engine-online-plugin-2.6.6-RELEASE.jar:2.6.6-RELEASE]
	at cn.sunline.ltts.plugin.online.engine.flow.FlowEngine.run(FlowEngine.java:195) ~[ltts-engine-online-plugin-2.6.6-RELEASE.jar:2.6.6-RELEASE]
	at cn.sunline.ltts.plugin.online.engine.flow.FlowEngine.run(FlowEngine.java:74) ~[ltts-engine-online-plugin-2.6.6-RELEASE.jar:2.6.6-RELEASE]
	at cn.sunline.ltts.plugin.online.engine.flow.FlowEngine.run(FlowEngine.java:49) ~[ltts-engine-online-plugin-2.6.6-RELEASE.jar:2.6.6-RELEASE]
	at cn.sunline.ltts.plugin.online.engine.CommonProcessorUtil.runFlow(CommonProcessorUtil.java:45) ~[ltts-engine-online-plugin-2.6.6-RELEASE.jar:2.6.6-RELEASE]
	at cn.sunline.ltts.plugin.online.engine.runtime.ProcessRT$1.call(ProcessRT.java:68) ~[ltts-engine-online-plugin-2.6.6-RELEASE.jar:2.6.6-RELEASE]
	at cn.sunline.ltts.plugin.online.engine.runtime.ProcessRT$1.call(ProcessRT.java:66) ~[ltts-engine-online-plugin-2.6.6-RELEASE.jar:2.6.6-RELEASE]
	at cn.sunline.ltts.plugin.online.engine.runtime.ContextManager.runInFlow(ContextManager.java:46) ~[ltts-engine-online-plugin-2.6.6-RELEASE.jar:2.6.6-RELEASE]
	at cn.sunline.ltts.plugin.online.engine.runtime.ContextManager.runInFlowTran(ContextManager.java:25) ~[ltts-engine-online-plugin-2.6.6-RELEASE.jar:2.6.6-RELEASE]
	at cn.sunline.ltts.plugin.online.engine.runtime.ProcessRT.run(ProcessRT.java:65) ~[ltts-engine-online-plugin-2.6.6-RELEASE.jar:2.6.6-RELEASE]
	at cn.sunline.ltts.plugin.online.engine.FlowTransProcessor.process(FlowTransProcessor.java:93) ~[ltts-engine-online-plugin-2.6.6-RELEASE.jar:2.6.6-RELEASE]
	at cn.sunline.ltts.plugin.online.engine.FlowTransProcessor.process(FlowTransProcessor.java:32) ~[ltts-engine-online-plugin-2.6.6-RELEASE.jar:2.6.6-RELEASE]
	at cn.sunline.ltts.plugin.online.engine.CommonProcessor.process(CommonProcessor.java:54) ~[ltts-engine-online-plugin-2.6.6-RELEASE.jar:2.6.6-RELEASE]
	at cn.sunline.ltts.plugin.online.facade.AbstractFacade.processFlow(AbstractFacade.java:135) ~[ltts-engine-online-plugin-2.6.6-RELEASE.jar:2.6.6-RELEASE]
	at cn.sunline.ltts.plugin.online.facade.OnlineFacade._process(OnlineFacade.java:359) ~[ltts-engine-online-plugin-2.6.6-RELEASE.jar:2.6.6-RELEASE]
	at cn.sunline.ltts.plugin.online.facade.OnlineFacade.process(OnlineFacade.java:112) [ltts-engine-online-plugin-2.6.6-RELEASE.jar:2.6.6-RELEASE]
	at cn.sunline.ltts.engine.TxnExecutorImpl.handle(TxnExecutorImpl.java:160) [ltts-engine-online-plugin-2.6.6-RELEASE.jar:2.6.6-RELEASE]
	at cn.sunline.ltts.engine.TxnExecutorImpl.handle(TxnExecutorImpl.java:101) [ltts-engine-online-plugin-2.6.6-RELEASE.jar:2.6.6-RELEASE]
	at cn.sunline.ltts.engine.TxnExecutorImpl.run(TxnExecutorImpl.java:68) [ltts-engine-online-plugin-2.6.6-RELEASE.jar:2.6.6-RELEASE]
	at cn.sunline.ltts.plugin.online.spi.IOnlineIDERunner._run(IOnlineIDERunner.java:19) [ltts-engine-online-plugin-2.6.6-RELEASE.jar:2.6.6-RELEASE]
	at cn.sunline.ltts.engine.TxnExecutor.main(TxnExecutor.java:13) [ltts-engine-online-plugin-2.6.6-RELEASE.jar:2.6.6-RELEASE]
