[ERROR][09:13:11,747][Sunline-timer-timer-scheduler][ ][cn.sunline.ltts.core.api.util.ProfileUtil:36][create IApplicationProfile error, using default! ]
java.lang.RuntimeException: 扩展点[performance.profile]不存在
	at cn.sunline.edsp.microcore.util.CoreUtil.wrapThrow(CoreUtil.java:25) ~[edsp-micro-core-1.0.7-RELEASE.jar:1.0.7-RELEASE]
	at cn.sunline.edsp.microcore.plugin.impl.PluginConfManager.getExtensionConfs(PluginConfManager.java:184) ~[edsp-micro-core-1.0.7-RELEASE.jar:1.0.7-RELEASE]
	at cn.sunline.edsp.microcore.util.ExtensionUtil.getExtensionPointImpl(ExtensionUtil.java:37) ~[edsp-micro-core-1.0.7-RELEASE.jar:1.0.7-RELEASE]
	at cn.sunline.ltts.core.api.util.ProfileUtil.getIApplicationProfile(ProfileUtil.java:34) [ltts-api-2.6.6-RELEASE.jar:2.6.6-RELEASE]
	at cn.sunline.ltts.core.api.util.ProfileUtil.cleanup(ProfileUtil.java:95) [ltts-api-2.6.6-RELEASE.jar:2.6.6-RELEASE]
	at cn.sunline.ltts.core.api.util.ProfileUtil.cleanup(ProfileUtil.java:68) [ltts-api-2.6.6-RELEASE.jar:2.6.6-RELEASE]
	at cn.sunline.ltts.engine.util.DefaultEngineResourceManager.clearTxnCache(DefaultEngineResourceManager.java:30) [ltts-engine-2.6.6-RELEASE.jar:2.6.6-RELEASE]
	at cn.sunline.ltts.engine.util.DefaultEngineResourceManager.clearThreadCache(DefaultEngineResourceManager.java:39) [ltts-engine-2.6.6-RELEASE.jar:2.6.6-RELEASE]
	at cn.sunline.ltts.srv.pollThread.AbstractPollThread$1.run(AbstractPollThread.java:71) [ltts-base-2.6.6-RELEASE.jar:2.6.6-RELEASE]
	at java.util.TimerThread.mainLoop(Unknown Source) [?:1.8.0_161]
	at java.util.TimerThread.run(Unknown Source) [?:1.8.0_161]
[INFO ][09:13:14,467][Thread-6][ ][cn.sunline.ltts.common.net.comm.AbstractServer:74][停止服务 Port:5889]
[ERROR][09:14:46,465][Sunline-timer-timer-scheduler][ ][cn.sunline.ltts.core.api.util.ProfileUtil:36][create IApplicationProfile error, using default! ]
java.lang.RuntimeException: 扩展点[performance.profile]不存在
	at cn.sunline.edsp.microcore.util.CoreUtil.wrapThrow(CoreUtil.java:25) ~[edsp-micro-core-1.0.7-RELEASE.jar:1.0.7-RELEASE]
	at cn.sunline.edsp.microcore.plugin.impl.PluginConfManager.getExtensionConfs(PluginConfManager.java:184) ~[edsp-micro-core-1.0.7-RELEASE.jar:1.0.7-RELEASE]
	at cn.sunline.edsp.microcore.util.ExtensionUtil.getExtensionPointImpl(ExtensionUtil.java:37) ~[edsp-micro-core-1.0.7-RELEASE.jar:1.0.7-RELEASE]
	at cn.sunline.ltts.core.api.util.ProfileUtil.getIApplicationProfile(ProfileUtil.java:34) [ltts-api-2.6.6-RELEASE.jar:2.6.6-RELEASE]
	at cn.sunline.ltts.core.api.util.ProfileUtil.cleanup(ProfileUtil.java:95) [ltts-api-2.6.6-RELEASE.jar:2.6.6-RELEASE]
	at cn.sunline.ltts.core.api.util.ProfileUtil.cleanup(ProfileUtil.java:68) [ltts-api-2.6.6-RELEASE.jar:2.6.6-RELEASE]
	at cn.sunline.ltts.engine.util.DefaultEngineResourceManager.clearTxnCache(DefaultEngineResourceManager.java:30) [ltts-engine-2.6.6-RELEASE.jar:2.6.6-RELEASE]
	at cn.sunline.ltts.engine.util.DefaultEngineResourceManager.clearThreadCache(DefaultEngineResourceManager.java:39) [ltts-engine-2.6.6-RELEASE.jar:2.6.6-RELEASE]
	at cn.sunline.ltts.srv.pollThread.AbstractPollThread$1.run(AbstractPollThread.java:71) [ltts-base-2.6.6-RELEASE.jar:2.6.6-RELEASE]
	at java.util.TimerThread.mainLoop(Unknown Source) [?:1.8.0_161]
	at java.util.TimerThread.run(Unknown Source) [?:1.8.0_161]
[INFO ][09:14:49,075][Thread-6][ ][cn.sunline.ltts.common.net.comm.AbstractServer:74][停止服务 Port:5889]
