[INFO ][09:13:08,093][main][ ][cn.sunline.edsp.microcore.plugin.impl.PluginConfManager:214][global plugin configure file [plugin-global-conf.properties]]
[INFO ][09:13:08,093][main][ ][cn.sunline.edsp.microcore.plugin.impl.PluginConfManager:218][global plugin configure file [plugin-global-conf.properties] not found]
[ERROR][09:13:08,604][main][ ][cn.sunline.ltts.frw.model.util.ModelClassManager:79][IllegalArgumentException:java.lang.ClassNotFoundException: cn.sunline.ltts.dao.util.DBEnumProvider]
[INFO ][09:13:08,664][main][ ][cn.sunline.edsp.microcore.plugin.impl.PluginConfManager:197][plugin configure loading>>>>>>>>>>>>>>>>>>>>>>>>>>>>]
[INFO ][09:13:08,664][main][ ][cn.sunline.edsp.microcore.plugin.impl.PluginConfManager:201][plugin [edsp-micro-core] [SunEDSP Micro Core Plugin] [0]]
[INFO ][09:13:08,664][main][ ][cn.sunline.edsp.microcore.plugin.impl.PluginConfManager:201][plugin [base] [Midware Base Plugin] [1]]
[INFO ][09:13:08,664][main][ ][cn.sunline.edsp.microcore.plugin.impl.PluginConfManager:201][plugin [core] [基础服务核心插件] [8]]
[INFO ][09:13:08,664][main][ ][cn.sunline.edsp.microcore.plugin.impl.PluginConfManager:201][plugin [cache] [缓存插件] [9]]
[INFO ][09:13:08,664][main][ ][cn.sunline.edsp.microcore.plugin.impl.PluginConfManager:201][plugin [log_mng] [日志管理插件] [10]]
[INFO ][09:13:08,664][main][ ][cn.sunline.edsp.microcore.plugin.impl.PluginConfManager:201][plugin [sys_param_mng] [系统参数管理插件] [12]]
[INFO ][09:13:08,664][main][ ][cn.sunline.edsp.microcore.plugin.impl.PluginConfManager:201][plugin [performance] [系统调优插件] [13]]
[INFO ][09:13:08,664][main][ ][cn.sunline.edsp.microcore.plugin.impl.PluginConfManager:201][plugin [model_mng] [模型管理插件] [15]]
[INFO ][09:13:08,664][main][ ][cn.sunline.edsp.microcore.plugin.impl.PluginConfManager:201][plugin [service] [服务类型插件] [16]]
[INFO ][09:13:08,664][main][ ][cn.sunline.edsp.microcore.plugin.impl.PluginConfManager:201][plugin [ref_reflect] [数据字典引用解析插件] [16]]
[INFO ][09:13:08,664][main][ ][cn.sunline.edsp.microcore.plugin.impl.PluginConfManager:201][plugin [dbpass_security] [数据库用户密码安全插件] [18]]
[INFO ][09:13:08,664][main][ ][cn.sunline.edsp.microcore.plugin.impl.PluginConfManager:201][plugin [dao_mng] [数据访问管理插件] [19]]
[INFO ][09:13:08,664][main][ ][cn.sunline.edsp.microcore.plugin.impl.PluginConfManager:201][plugin [online] [联机交易引擎插件] [20]]
[INFO ][09:13:08,664][main][ ][cn.sunline.edsp.microcore.plugin.impl.PluginConfManager:201][plugin [component] [组件和服务模型配置管理插件] [21]]
[INFO ][09:13:08,664][main][ ][cn.sunline.edsp.microcore.plugin.impl.PluginConfManager:201][plugin [discovery] [NamedServcie实例自动发现插件] [22]]
[INFO ][09:13:08,664][main][ ][cn.sunline.edsp.microcore.plugin.impl.PluginConfManager:201][plugin [health_check] [健康检查插件] [23]]
[INFO ][09:13:08,664][main][ ][cn.sunline.edsp.microcore.plugin.impl.PluginConfManager:201][plugin [parm_refresh] [参数刷新轮训线程插件] [24]]
[INFO ][09:13:08,664][main][ ][cn.sunline.edsp.microcore.plugin.impl.PluginConfManager:201][plugin [model_prehot] [启动对所有元数据模型进行对象构造插件] [25]]
[INFO ][09:13:08,664][main][ ][cn.sunline.edsp.microcore.plugin.impl.PluginConfManager:201][plugin [batch] [批量调度引擎插件] [30]]
[INFO ][09:13:08,664][main][ ][cn.sunline.edsp.microcore.plugin.impl.PluginConfManager:201][plugin [seq_mng] [Sequence管理插件] [30]]
[INFO ][09:13:08,664][main][ ][cn.sunline.edsp.microcore.plugin.impl.PluginConfManager:201][plugin [batch_parm] [批量参数管理插件] [31]]
[INFO ][09:13:08,664][main][ ][cn.sunline.edsp.microcore.plugin.impl.PluginConfManager:201][plugin [batch_engine_config] [批量执行引擎配置管理器插件] [32]]
[INFO ][09:13:08,664][main][ ][cn.sunline.edsp.microcore.plugin.impl.PluginConfManager:201][plugin [batch_job_srv] [批量作业服务器插件] [33]]
[INFO ][09:13:08,664][main][ ][cn.sunline.edsp.microcore.plugin.impl.PluginConfManager:201][plugin [batch_timer_srv] [批量定时调度服务插件] [34]]
[INFO ][09:13:08,664][main][ ][cn.sunline.edsp.microcore.plugin.impl.PluginConfManager:201][plugin [batch_adm_srv] [批量任务管理插件] [35]]
[INFO ][09:13:08,664][main][ ][cn.sunline.edsp.microcore.plugin.impl.PluginConfManager:201][plugin [batch_domain_srv] [批量任务执行主控服务器插件] [36]]
[INFO ][09:13:08,664][main][ ][cn.sunline.edsp.microcore.plugin.impl.PluginConfManager:201][plugin [batch_file] [批量批量插件] [37]]
[INFO ][09:13:08,664][main][ ][cn.sunline.edsp.microcore.plugin.impl.PluginConfManager:201][plugin [tcp_as] [基于tcp协议的通讯接入插件] [40]]
[INFO ][09:13:08,664][main][ ][cn.sunline.edsp.microcore.plugin.impl.PluginConfManager:201][plugin [custom] [公共客户化插件] [80]]
[INFO ][09:13:08,664][main][ ][cn.sunline.edsp.microcore.plugin.impl.PluginConfManager:201][plugin [CRPlugin] [CR交易引擎门面插件] [88]]
[INFO ][09:13:08,664][main][ ][cn.sunline.edsp.microcore.plugin.impl.PluginConfManager:201][plugin [registry] [Midware Registry Plugin] [100]]
[INFO ][09:13:08,664][main][ ][cn.sunline.edsp.microcore.plugin.impl.PluginConfManager:201][plugin [notify] [平台通知插件] [100]]
[INFO ][09:13:08,664][main][ ][cn.sunline.edsp.microcore.plugin.impl.PluginConfManager:201][plugin [dtsp] [分布式交易服务插件] [120]]
[INFO ][09:13:08,664][main][ ][cn.sunline.edsp.microcore.plugin.impl.PluginConfManager:201][plugin [error_code] [内外部错误码扩展插件] [120]]
[INFO ][09:13:08,664][main][ ][cn.sunline.edsp.microcore.plugin.impl.PluginConfManager:201][plugin [rpc-core] [RPC Core Plugin] [200]]
[INFO ][09:13:08,664][main][ ][cn.sunline.edsp.microcore.plugin.impl.PluginConfManager:201][plugin [access_http] [接入http插件] [200]]
[INFO ][09:13:08,664][main][ ][cn.sunline.edsp.microcore.plugin.impl.PluginConfManager:201][plugin [rpc-rt-transport] [RPC Transporting Runtime Plugin] [220]]
[INFO ][09:13:08,664][main][ ][cn.sunline.edsp.microcore.plugin.impl.PluginConfManager:201][plugin [rpc-rt-transport-cmq] [RPC Transporting Runtime Plugin] [221]]
[INFO ][09:13:08,664][main][ ][cn.sunline.edsp.microcore.plugin.impl.PluginConfManager:201][plugin [rpc-rt-monitor] [RPC monitor runtime plugin] [270]]
[INFO ][09:13:08,664][main][ ][cn.sunline.edsp.microcore.plugin.impl.PluginConfManager:201][plugin [rpc_common] [RPC公共插件] [300]]
[INFO ][09:13:08,664][main][ ][cn.sunline.edsp.microcore.plugin.impl.PluginConfManager:201][plugin [rpc_inbound] [接入RPC插件] [301]]
[INFO ][09:13:08,664][main][ ][cn.sunline.edsp.microcore.plugin.impl.PluginConfManager:201][plugin [rpc_outbound] [接出RPC插件] [302]]
[INFO ][09:13:08,664][main][ ][cn.sunline.edsp.microcore.plugin.impl.PluginConfManager:201][plugin [dtsp_route] [分布式路由器插件] [320]]
[INFO ][09:13:08,664][main][ ][cn.sunline.edsp.microcore.plugin.impl.PluginConfManager:201][plugin [drs-common] [drs-common plugin] [370]]
[INFO ][09:13:08,664][main][ ][cn.sunline.edsp.microcore.plugin.impl.PluginConfManager:201][plugin [drs-impl] [drs-impl plugin] [372]]
[INFO ][09:13:08,664][main][ ][cn.sunline.edsp.microcore.plugin.impl.PluginConfManager:201][plugin [dtspCustom] [分布式处理客户化插件] [1010]]
[INFO ][09:13:08,664][main][ ][cn.sunline.edsp.microcore.plugin.impl.PluginConfManager:201][plugin [batch_trans_custom] [平台客户化批量交易插件] [1060]]
[INFO ][09:13:08,664][main][ ][cn.sunline.edsp.microcore.plugin.impl.PluginConfManager:201][plugin [parallelcall] [并发外调插件] [5000000]]
[INFO ][09:13:08,664][main][ ][cn.sunline.edsp.microcore.plugin.impl.PluginConfManager:204][plugin configure loaded>>>>>>>>>>>>>>>>>>>>>>>>>>>>]
[INFO ][09:13:08,664][main][ ][cn.sunline.edsp.microcore.plugin.impl.PluginManager:47][plugins initializing]
[INFO ][09:13:08,674][main][ ][cn.sunline.edsp.microcore.plugin.impl.PluginManager:65][plugin [SunEDSP Micro Core Plugin] initialized: 0.01 s]
[INFO ][09:13:08,674][main][ ][cn.sunline.edsp.microcore.plugin.impl.PluginManager:65][plugin [Midware Base Plugin] initialized: 0.0 s]
[INFO ][09:13:08,674][main][ ][cn.sunline.edsp.microcore.plugin.impl.PluginManager:65][plugin [基础服务核心插件] initialized: 0.0 s]
[INFO ][09:13:08,674][main][ ][cn.sunline.edsp.microcore.plugin.impl.PluginManager:65][plugin [缓存插件] initialized: 0.0 s]
[INFO ][09:13:08,714][main][ ][cn.sunline.ltts.config.impl.DefaultConfigManager:55][加载配置元数据定义文件:server/server-log-manager.xml]
[INFO ][09:13:08,824][main][ ][cn.sunline.ltts.config.impl.DefaultConfigManager:160][加载文件[class path resource [server/server-log-manager.xml]]:[class cn.sunline.ltts.base.logging.config.LogConfigManagerConfig]]
[INFO ][09:13:08,844][main][ ][cn.sunline.ltts.plugin.core.LogConfigManagerPlugin:30][准备初始化日志配置管理器]
[INFO ][09:13:08,844][main][ ][cn.sunline.edsp.microcore.plugin.impl.PluginManager:65][plugin [日志管理插件] initialized: 0.17 s]
[INFO ][09:13:08,844][main][ ][cn.sunline.ltts.config.impl.DefaultConfigManager:55][加载配置元数据定义文件:server/server-systemparam-manager.xml]
[INFO ][09:13:08,854][main][ ][cn.sunline.ltts.config.impl.DefaultConfigManager:160][加载文件[class path resource [server/server-systemparam-manager.xml]]:[class cn.sunline.ltts.plugin.core.config.SystemParamManagerConfig]]
[INFO ][09:13:08,854][main][ ][cn.sunline.ltts.plugin.core.SystemParamManagerPlugin:48][系统选项=[{pm=true, pl=3, rcc=true, ct=false, xml=false, psqsl=false, cibp=false, upp=false, io=log,odb,ognl,bean,pack,enum,dataMapping,db, imof=false, fmnf=false, brfl=true, brfc=false, edc=false, eseds=true}] ]
[INFO ][09:13:08,854][main][ ][cn.sunline.edsp.microcore.plugin.impl.PluginManager:65][plugin [系统参数管理插件] initialized: 0.01 s]
[INFO ][09:13:08,864][main][ ][cn.sunline.ltts.config.impl.DefaultConfigManager:55][加载配置元数据定义文件:server/server-performance.xml]
[INFO ][09:13:08,864][main][ ][cn.sunline.ltts.config.impl.DefaultConfigManager:160][加载文件[class path resource [server/server-performance.xml]]:[class cn.sunline.ltts.plugin.core.config.PerformanceConfig]]
[WARN ][09:13:08,864][main][ ][cn.sunline.ltts.plugin.core.PerformancePlugin:27][末找到配置，性能优化组件将不会启动]
[INFO ][09:13:08,864][main][ ][cn.sunline.ltts.config.impl.DefaultConfigManager:55][加载配置元数据定义文件:server/server-core-model-manager.xml]
[INFO ][09:13:08,894][main][ ][cn.sunline.ltts.config.impl.DefaultConfigManager:160][加载文件[class path resource [server/server-core-model-manager.xml]]:[class cn.sunline.ltts.plugin.core.config.ModelManagerConfig]]
[INFO ][09:13:08,914][main][ ][cn.sunline.edsp.microcore.plugin.impl.PluginManager:65][plugin [模型管理插件] initialized: 0.05 s]
[INFO ][09:13:08,924][main][ ][cn.sunline.edsp.microcore.plugin.impl.PluginManager:65][plugin [服务类型插件] initialized: 0.0 s]
[INFO ][09:13:08,924][main][ ][cn.sunline.edsp.microcore.plugin.impl.PluginManager:65][plugin [数据字典引用解析插件] initialized: 0.0 s]
[INFO ][09:13:08,924][main][ ][cn.sunline.ltts.config.impl.DefaultConfigManager:55][加载配置元数据定义文件:server/server-dbpass-security.xml]
[INFO ][09:13:08,924][main][ ][cn.sunline.ltts.config.impl.DefaultConfigManager:160][加载文件[class path resource [server/server-dbpass-security.xml]]:[class cn.sunline.ltts.plugin.core.config.DBPassSecurityServiceConfig]]
[INFO ][09:13:08,924][main][ ][cn.sunline.ltts.config.impl.DefaultConfigManager:55][加载配置元数据定义文件:server/server-dao-manager.xml]
[INFO ][09:13:09,084][main][ ][cn.sunline.ltts.config.impl.DefaultConfigManager:160][加载文件[class path resource [server/server-dao-manager.xml]]:[class cn.sunline.ltts.dao.DaoConfig]]
[INFO ][09:13:09,084][main][ ][cn.sunline.ltts.plugin.core.DaoManagerPlugin:63][准备初始化Dao管理组件]
[INFO ][09:13:09,094][main][ ][cn.sunline.edsp.microcore.plugin.impl.PluginManager:65][plugin [数据访问管理插件] initialized: 0.17 s]
[INFO ][09:13:09,094][main][ ][cn.sunline.ltts.config.impl.DefaultConfigManager:55][加载配置元数据定义文件:server/server-engine-extension.xml]
[INFO ][09:13:09,104][main][ ][cn.sunline.ltts.config.impl.DefaultConfigManager:160][加载文件[class path resource [server/server-engine-extension.xml]]:[class cn.sunline.ltts.plugin.online.engine.EngineExtensionConfig]]
[INFO ][09:13:09,114][main][ ][cn.sunline.edsp.microcore.plugin.impl.PluginManager:65][plugin [联机交易引擎插件] initialized: 0.02 s]
[INFO ][09:13:09,114][main][ ][cn.sunline.edsp.microcore.plugin.impl.PluginManager:65][plugin [组件和服务模型配置管理插件] initialized: 0.0 s]
[INFO ][09:13:09,114][main][ ][cn.sunline.ltts.config.impl.DefaultConfigManager:55][加载配置元数据定义文件:server/server-discovery.xml]
[INFO ][09:13:09,114][main][ ][cn.sunline.ltts.config.impl.DefaultConfigManager:160][加载文件[class path resource [server/server-discovery.xml]]:[class cn.sunline.ltts.plugin.core.discovery.DiscoveryServiceConfig]]
[WARN ][09:13:09,114][main][ ][cn.sunline.ltts.plugin.core.DiscoveryPlugin:62][准备初始化DiscoveryService!]
[INFO ][09:13:09,124][main][ ][cn.sunline.edsp.microcore.plugin.impl.PluginManager:65][plugin [NamedServcie实例自动发现插件] initialized: 0.01 s]
[INFO ][09:13:09,124][main][ ][cn.sunline.ltts.config.impl.DefaultConfigManager:55][加载配置元数据定义文件:server/server-healthcheck.xml]
[INFO ][09:13:09,134][main][ ][cn.sunline.ltts.config.impl.DefaultConfigManager:160][加载文件[class path resource [server/server-healthcheck.xml]]:[class cn.sunline.ltts.plugin.core.healthcheck.HealthCheckServiceConfig]]
[WARN ][09:13:09,134][main][ ][cn.sunline.ltts.plugin.core.HealthCheckPlugin:47][健康检查组件配置不存在, 服务不启动!]
[INFO ][09:13:09,134][main][ ][cn.sunline.ltts.plugin.core.ParmRefreshPollThreadPlugin:38][初始化参数刷新轮询线程组件]
[INFO ][09:13:09,134][main][ ][cn.sunline.edsp.microcore.plugin.impl.PluginManager:65][plugin [参数刷新轮训线程插件] initialized: 0.0 s]
[INFO ][09:13:09,134][main][ ][cn.sunline.ltts.plugin.core.ModelPrehotPlugin:103][enablePrehot=false,Core模型预热组件将不会启动]
[INFO ][09:13:09,134][main][ ][cn.sunline.edsp.microcore.plugin.impl.PluginManager:65][plugin [批量调度引擎插件] initialized: 0.0 s]
[INFO ][09:13:09,134][main][ ][cn.sunline.ltts.config.impl.DefaultConfigManager:55][加载配置元数据定义文件:server/server-sequence-manager.xml]
[INFO ][09:13:09,134][main][ ][cn.sunline.ltts.config.impl.DefaultConfigManager:160][加载文件[class path resource [server/server-sequence-manager.xml]]:[class cn.sunline.ltts.engine.sequence.SequenceManagerServiceConfig]]
[WARN ][09:13:09,134][main][ ][cn.sunline.ltts.plugin.core.SequenceManagerPlugin:26][末找到配置，Sequence扩展机制不会启用，采用默认配置]
[INFO ][09:13:09,144][main][ ][cn.sunline.ltts.config.impl.DefaultConfigManager:55][加载配置元数据定义文件:server/server-batch-parm.xml]
[INFO ][09:13:09,145][main][ ][cn.sunline.ltts.config.impl.DefaultConfigManager:160][加载文件[class path resource [server/server-batch-parm.xml]]:[class cn.sunline.ltts.plugin.batch.parm.BatchParmConfig]]
[INFO ][09:13:09,155][main][ ][cn.sunline.ltts.plugin.batch.BatchParmManagerPlugin:30][准备初始化批量参数管理组件]
[INFO ][09:13:09,155][main][ ][cn.sunline.edsp.microcore.plugin.impl.PluginManager:65][plugin [批量参数管理插件] initialized: 0.021 s]
[INFO ][09:13:09,155][main][ ][cn.sunline.ltts.config.impl.DefaultConfigManager:55][加载配置元数据定义文件:server/server-batch-engine.xml]
[INFO ][09:13:09,165][main][ ][cn.sunline.ltts.config.impl.DefaultConfigManager:160][加载文件[class path resource [server/server-batch-engine.xml]]:[class cn.sunline.ltts.plugin.batch.engine.config.BatchEngineConfig]]
[INFO ][09:13:09,165][main][ ][cn.sunline.edsp.microcore.plugin.impl.PluginManager:65][plugin [批量执行引擎配置管理器插件] initialized: 0.01 s]
[INFO ][09:13:09,165][main][ ][cn.sunline.ltts.config.impl.DefaultConfigManager:55][加载配置元数据定义文件:server/server-batch-job.xml]
[INFO ][09:13:09,185][main][ ][cn.sunline.ltts.config.impl.DefaultConfigManager:160][加载文件[class path resource [server/server-batch-job.xml]]:[class cn.sunline.ltts.plugin.batch.job.BatchJobServerConfig]]
[INFO ][09:13:09,185][main][ ][cn.sunline.ltts.plugin.batch.BatchJobServerPlugin:53][准备初始化批量作业服务器组件 ]
[INFO ][09:13:09,185][main][ ][cn.sunline.ltts.plugin.batch.BatchJobServerPlugin:58][开始初始化批量作业服务器... ]
[INFO ][09:13:09,245][main][ ][cn.sunline.edsp.microcore.plugin.impl.PluginManager:65][plugin [批量作业服务器插件] initialized: 0.08 s]
[INFO ][09:13:09,245][main][ ][cn.sunline.ltts.config.impl.DefaultConfigManager:55][加载配置元数据定义文件:server/server-batch-timer.xml]
[INFO ][09:13:09,245][main][ ][cn.sunline.ltts.config.impl.DefaultConfigManager:160][加载文件[class path resource [server/server-batch-timer.xml]]:[class cn.sunline.ltts.plugin.batch.timer.BatchTimerSchedulerServerConfig]]
[INFO ][09:13:09,255][main][ ][cn.sunline.ltts.plugin.batch.BatchTimedSchedulerServerPlugin:38][开始初始化批量定时调度服务组件...]
[INFO ][09:13:09,255][main][ ][cn.sunline.edsp.microcore.plugin.impl.PluginManager:65][plugin [批量定时调度服务插件] initialized: 0.01 s]
[INFO ][09:13:09,255][main][ ][cn.sunline.ltts.config.impl.DefaultConfigManager:55][加载配置元数据定义文件:server/server-batch-admin.xml]
[INFO ][09:13:09,265][main][ ][cn.sunline.ltts.config.impl.DefaultConfigManager:160][加载文件[class path resource [server/server-batch-admin.xml]]:[class cn.sunline.ltts.plugin.batch.admin.BatchTaskAdminServerConfig]]
[INFO ][09:13:09,275][main][ ][cn.sunline.ltts.plugin.batch.BatchTaskAdminServerPlugin:37][准备初始化批量任务管理组件]
[INFO ][09:13:09,275][main][ ][cn.sunline.ltts.plugin.batch.admin.BatchTaskAdminServer:31][开始初始化批量任务健康检查轮询线程...]
[INFO ][09:13:09,275][main][ ][cn.sunline.ltts.plugin.batch.admin.BatchTaskAdminServer:42][开始初始化批量交易执行轮询线程...]
[INFO ][09:13:09,275][main][ ][cn.sunline.edsp.microcore.plugin.impl.PluginManager:65][plugin [批量任务管理插件] initialized: 0.02 s]
[INFO ][09:13:09,275][main][ ][cn.sunline.ltts.config.impl.DefaultConfigManager:55][加载配置元数据定义文件:server/server-batch-domain.xml]
[INFO ][09:13:09,305][main][ ][cn.sunline.ltts.config.impl.DefaultConfigManager:160][加载文件[class path resource [server/server-batch-domain.xml]]:[class cn.sunline.ltts.plugin.batch.domain.BatchTaskExecuteServerConfig]]
[INFO ][09:13:09,305][main][ ][cn.sunline.ltts.plugin.batch.LocalBatchTaskExecuteServerManagerPlugin:45][准备初始化批量任务执行主控服务器组件]
[INFO ][09:13:09,305][main][ ][cn.sunline.ltts.plugin.batch.LocalBatchTaskExecuteServerManagerPlugin:49][开始初始化批量交易组执行域服务器管理器...]
[INFO ][09:13:09,305][main][ ][cn.sunline.ltts.plugin.batch.LocalBatchTaskExecuteServerManagerPlugin:61][开始初始化基于NETTY的批量任务执行主控接入服务器...]
[INFO ][09:13:09,375][main][ ][cn.sunline.ltts.plugin.batch.LocalBatchTaskExecuteServerManagerPlugin:72][开始初始化基于TCP的批量任务执行主控接入服务器...]
[INFO ][09:13:09,375][main][ ][cn.sunline.edsp.microcore.plugin.impl.PluginManager:65][plugin [批量任务执行主控服务器插件] initialized: 0.1 s]
[INFO ][09:13:09,375][main][ ][cn.sunline.ltts.config.impl.DefaultConfigManager:55][加载配置元数据定义文件:server/server-batch-file.xml]
[INFO ][09:13:09,375][main][ ][cn.sunline.ltts.config.impl.DefaultConfigManager:160][加载文件[class path resource [server/server-batch-file.xml]]:[class cn.sunline.ltts.plugin.batch.engine.config.FileBatchConfig]]
[INFO ][09:13:09,375][main][ ][cn.sunline.edsp.microcore.plugin.impl.PluginManager:65][plugin [批量批量插件] initialized: 0.0 s]
[INFO ][09:13:09,375][main][ ][cn.sunline.ltts.config.impl.DefaultConfigManager:55][加载配置元数据定义文件:server/server-access-tcp.xml]
[INFO ][09:13:09,405][main][ ][cn.sunline.ltts.config.impl.DefaultConfigManager:160][加载文件[class path resource [server/server-access-tcp.xml]]:[class cn.sunline.ltts.srv.socket.biz.BizServerConfig]]
[WARN ][09:13:09,415][main][ ][cn.sunline.ltts.access.tcp.plugin.TCPOnlineServerPlugin:47][末找到配置，应用服务器将不会启动]
[INFO ][09:13:09,425][main][ ][cn.sunline.edsp.microcore.plugin.impl.PluginManager:65][plugin [公共客户化插件] initialized: 0.01 s]
[INFO ][09:13:09,425][main][ ][cn.sunline.edsp.microcore.plugin.impl.PluginManager:65][plugin [CR交易引擎门面插件] initialized: 0.0 s]
[INFO ][09:13:09,425][main][ ][cn.sunline.edsp.microcore.plugin.impl.PluginManager:65][plugin [Midware Registry Plugin] initialized: 0.0 s]
[INFO ][09:13:09,425][main][ ][cn.sunline.ltts.config.impl.DefaultConfigManager:55][加载配置元数据定义文件:server/server-notify.xml]
[INFO ][09:13:09,435][main][ ][cn.sunline.ltts.config.impl.DefaultConfigManager:160][加载文件[class path resource [server/server-notify.xml]]:[class cn.sunline.edsp.notify.plugin.conf.NotifyConfig]]
[WARN ][09:13:09,435][main][ ][cn.sunline.edsp.notify.plugin.NotifyPlugin:80][末找到配置，通知插件不会启动]
[INFO ][09:13:09,435][main][ ][cn.sunline.edsp.microcore.plugin.impl.PluginManager:65][plugin [分布式交易服务插件] initialized: 0.0 s]
[INFO ][09:13:09,435][main][ ][cn.sunline.ltts.config.impl.DefaultConfigManager:55][加载配置元数据定义文件:conf/error_code_conf.xml]
[INFO ][09:13:09,435][main][ ][cn.sunline.ltts.config.impl.DefaultConfigManager:160][加载文件[class path resource [conf/error_code_conf.xml]]:[class cn.sunline.edsp.plugin.error.code.conf.ErrorCodeConfig]]
[INFO ][09:13:09,455][main][ ][cn.sunline.edsp.microcore.plugin.impl.PluginManager:65][plugin [RPC Core Plugin] initialized: 0.02 s]
[INFO ][09:13:09,455][main][ ][cn.sunline.ltts.config.impl.DefaultConfigManager:55][加载配置元数据定义文件:conf/acces_http_conf.xml]
[INFO ][09:13:09,465][main][ ][cn.sunline.ltts.config.impl.DefaultConfigManager:160][加载文件[class path resource [conf/acces_http_conf.xml]]:[class cn.sunline.edsp.access.http.plugin.conf.AccessHttpConfig]]
[INFO ][09:13:09,465][main][ ][cn.sunline.edsp.microcore.plugin.impl.PluginManager:65][plugin [接入http插件] initialized: 0.01 s]
[INFO ][09:13:09,475][main][ ][cn.sunline.edsp.microcore.plugin.impl.PluginManager:65][plugin [RPC Transporting Runtime Plugin] initialized: 0.01 s]
[INFO ][09:13:09,475][main][ ][cn.sunline.edsp.microcore.plugin.impl.PluginManager:65][plugin [RPC Transporting Runtime Plugin] initialized: 0.0 s]
[INFO ][09:13:09,475][main][ ][cn.sunline.edsp.microcore.plugin.impl.PluginManager:65][plugin [RPC monitor runtime plugin] initialized: 0.0 s]
[INFO ][09:13:09,475][main][ ][cn.sunline.ltts.config.impl.DefaultConfigManager:55][加载配置元数据定义文件:server/server-rpc.xml]
[INFO ][09:13:09,495][main][ ][cn.sunline.ltts.config.impl.DefaultConfigManager:160][加载文件[class path resource [server/server-rpc.xml]]:[class cn.sunline.edsp.rpc.plugin.conf.RPCServerConfig]]
[WARN ][09:13:09,495][main][ ][cn.sunline.edsp.rpc.plugin.RPCCommonPlugin:20][末找到配置，RPC接入接出组件不会启动]
[INFO ][09:13:09,495][main][ ][cn.sunline.ltts.config.impl.DefaultConfigManager:55][加载配置元数据定义文件:server/server-drs.xml]
[INFO ][09:13:09,505][main][ ][cn.sunline.ltts.config.impl.DefaultConfigManager:160][加载文件[class path resource [server/server-drs.xml]]:[class cn.sunline.edsp.plugin.dtsp.route.config.IDrsClientConfig]]
[ERROR][09:13:09,505][main][ ][cn.sunline.edsp.plugin.dtsp.route.DtspRoutePlugin:19][末找到配置，分布式路由定位组件不会启动]
[INFO ][09:13:09,505][main][ ][cn.sunline.edsp.microcore.plugin.impl.PluginManager:65][plugin [drs-common plugin] initialized: 0.0 s]
[INFO ][09:13:09,515][main][ ][cn.sunline.edsp.microcore.plugin.impl.PluginManager:65][plugin [drs-impl plugin] initialized: 0.01 s]
[INFO ][09:13:09,515][main][ ][cn.sunline.edsp.microcore.plugin.impl.PluginManager:65][plugin [分布式处理客户化插件] initialized: 0.0 s]
[INFO ][09:13:09,515][main][ ][cn.sunline.edsp.microcore.plugin.impl.PluginManager:65][plugin [平台客户化批量交易插件] initialized: 0.0 s]
[INFO ][09:13:09,515][main][ ][cn.sunline.edsp.microcore.plugin.impl.PluginManager:65][plugin [并发外调插件] initialized: 0.0 s]
[INFO ][09:13:09,515][main][ ][cn.sunline.edsp.microcore.plugin.impl.PluginManager:86][all plugins initialized]
[INFO ][09:13:09,515][main][ ][cn.sunline.edsp.microcore.plugin.impl.PluginManager:95][plugin [SunEDSP Micro Core Plugin] starting...]
[INFO ][09:13:09,515][main][ ][cn.sunline.edsp.microcore.plugin.impl.PluginManager:99][plugin [SunEDSP Micro Core Plugin] started]
[INFO ][09:13:09,515][main][ ][cn.sunline.edsp.microcore.plugin.impl.PluginManager:95][plugin [Midware Base Plugin] starting...]
[INFO ][09:13:09,515][main][ ][cn.sunline.edsp.microcore.plugin.impl.PluginManager:99][plugin [Midware Base Plugin] started]
[INFO ][09:13:09,515][main][ ][cn.sunline.edsp.microcore.plugin.impl.PluginManager:95][plugin [基础服务核心插件] starting...]
[INFO ][09:13:09,515][main][ ][cn.sunline.edsp.microcore.plugin.impl.PluginManager:99][plugin [基础服务核心插件] started]
[INFO ][09:13:09,515][main][ ][cn.sunline.edsp.microcore.plugin.impl.PluginManager:95][plugin [缓存插件] starting...]
[INFO ][09:13:09,515][main][ ][cn.sunline.edsp.microcore.plugin.impl.PluginManager:99][plugin [缓存插件] started]
[INFO ][09:13:09,515][main][ ][cn.sunline.edsp.microcore.plugin.impl.PluginManager:95][plugin [日志管理插件] starting...]
[INFO ][09:13:09,515][main][ ][cn.sunline.edsp.microcore.plugin.impl.PluginManager:99][plugin [日志管理插件] started]
[INFO ][09:13:09,515][main][ ][cn.sunline.edsp.microcore.plugin.impl.PluginManager:95][plugin [系统参数管理插件] starting...]
[INFO ][09:13:09,515][main][ ][cn.sunline.edsp.microcore.plugin.impl.PluginManager:99][plugin [系统参数管理插件] started]
[INFO ][09:13:09,515][main][ ][cn.sunline.edsp.microcore.plugin.impl.PluginManager:95][plugin [模型管理插件] starting...]
[INFO ][09:13:09,515][main][ ][cn.sunline.ltts.plugin.core.ModelManagerPlugin:33][准备初始化模型管理组件]
[INFO ][09:13:09,615][main][ ][cn.sunline.ltts.plugin.core.ModelManagerPlugin:50][准备加载核心模型配置文件]
[INFO ][09:13:10,155][main][ ][cn.sunline.ltts.frw.model.util.ModelManager:75][开始加载模型组：standard configuration]
[INFO ][09:13:10,155][main][ ][cn.sunline.ltts.frw.model.util.ModelManager:153][开始加载模型：datatype[data type]]
[INFO ][09:13:10,286][main][ ][cn.sunline.ltts.frw.model.util.ModelManager:158][完成加载模型[0.131s][6]：datatype[data type]]
[INFO ][09:13:10,286][main][ ][cn.sunline.ltts.frw.model.util.ModelManager:153][开始加载模型：dict[data dictionary]]
[INFO ][09:13:10,306][main][ ][cn.sunline.ltts.frw.model.util.ModelManager:158][完成加载模型[0.02s][3]：dict[data dictionary]]
[INFO ][09:13:10,306][main][ ][cn.sunline.ltts.frw.model.util.ModelManager:153][开始加载模型：type[composite type]]
[INFO ][09:13:10,336][main][ ][cn.sunline.ltts.frw.model.util.ModelManager:158][完成加载模型[0.03s][10]：type[composite type]]
[INFO ][09:13:10,336][main][ ][cn.sunline.ltts.frw.model.util.ModelManager:153][开始加载模型：dbtable[table structure]]
[INFO ][09:13:10,476][main][ ][cn.sunline.ltts.frw.model.util.ModelManager:158][完成加载模型[0.14s][15]：dbtable[table structure]]
[INFO ][09:13:10,476][main][ ][cn.sunline.ltts.frw.model.util.ModelManager:153][开始加载模型：parm[parameter model]]
[INFO ][09:13:10,476][main][ ][cn.sunline.ltts.frw.model.util.ModelManager:158][完成加载模型[0.0s][0]：parm[parameter model]]
[INFO ][09:13:10,476][main][ ][cn.sunline.ltts.frw.model.util.ModelManager:87][完成加载模型组[0.331s][34]：standard configuration]
[INFO ][09:13:10,476][main][ ][cn.sunline.ltts.frw.model.util.ModelManager:97][开始解析模型组：standard configuration]
[INFO ][09:13:10,476][main][ ][cn.sunline.ltts.frw.model.util.ModelManager:153][开始解析模型：datatype[data type]]
[INFO ][09:13:10,526][main][ ][cn.sunline.ltts.frw.model.util.ModelManager:158][完成解析模型[0.05s][34]：datatype[data type]]
[INFO ][09:13:10,526][main][ ][cn.sunline.ltts.frw.model.util.ModelManager:153][开始解析模型：dict[data dictionary]]
[INFO ][09:13:10,526][main][ ][cn.sunline.ltts.frw.model.util.ModelManager:158][完成解析模型[0.0s][34]：dict[data dictionary]]
[INFO ][09:13:10,526][main][ ][cn.sunline.ltts.frw.model.util.ModelManager:153][开始解析模型：type[composite type]]
[INFO ][09:13:10,526][main][ ][cn.sunline.ltts.frw.model.util.ModelManager:158][完成解析模型[0.0s][34]：type[composite type]]
[INFO ][09:13:10,526][main][ ][cn.sunline.ltts.frw.model.util.ModelManager:153][开始解析模型：dbtable[table structure]]
[INFO ][09:13:10,526][main][ ][cn.sunline.ltts.frw.model.util.ModelManager:158][完成解析模型[0.0s][34]：dbtable[table structure]]
[INFO ][09:13:10,526][main][ ][cn.sunline.ltts.frw.model.util.ModelManager:153][开始解析模型：parm[parameter model]]
[INFO ][09:13:10,526][main][ ][cn.sunline.ltts.frw.model.util.ModelManager:158][完成解析模型[0.0s][34]：parm[parameter model]]
[INFO ][09:13:10,526][main][ ][cn.sunline.ltts.frw.model.util.ModelManager:102][完成解析模型组[0.05s][170]：standard configuration]
[INFO ][09:13:10,526][main][ ][cn.sunline.ltts.frw.model.util.ModelManager:75][开始加载模型组：global error code configuratioin]
[INFO ][09:13:10,526][main][ ][cn.sunline.ltts.frw.model.util.ModelManager:153][开始加载模型：error[global error code]]
[INFO ][09:13:10,586][main][ ][cn.sunline.ltts.frw.model.util.ModelManager:158][完成加载模型[0.06s][14]：error[global error code]]
[INFO ][09:13:10,586][main][ ][cn.sunline.ltts.frw.model.util.ModelManager:87][完成加载模型组[0.06s][14]：global error code configuratioin]
[INFO ][09:13:10,586][main][ ][cn.sunline.ltts.frw.model.util.ModelManager:97][开始解析模型组：global error code configuratioin]
[INFO ][09:13:10,586][main][ ][cn.sunline.ltts.frw.model.util.ModelManager:153][开始解析模型：error[global error code]]
[INFO ][09:13:10,586][main][ ][cn.sunline.ltts.frw.model.util.ModelManager:158][完成解析模型[0.0s][14]：error[global error code]]
[INFO ][09:13:10,586][main][ ][cn.sunline.ltts.frw.model.util.ModelManager:102][完成解析模型组[0.0s][14]：global error code configuratioin]
[INFO ][09:13:10,586][main][ ][cn.sunline.ltts.frw.model.util.ModelManager:75][开始加载模型组：batch model upload]
[INFO ][09:13:10,586][main][ ][cn.sunline.ltts.frw.model.util.ModelManager:153][开始加载模型：batchfile[batch files]]
[INFO ][09:13:10,586][main][ ][cn.sunline.ltts.frw.model.util.ModelManager:158][完成加载模型[0.0s][0]：batchfile[batch files]]
[INFO ][09:13:10,586][main][ ][cn.sunline.ltts.frw.model.util.ModelManager:153][开始加载模型：batchTran[batch transaction]]
[INFO ][09:13:10,586][main][ ][cn.sunline.ltts.frw.model.util.ModelManager:158][完成加载模型[0.0s][0]：batchTran[batch transaction]]
[INFO ][09:13:10,586][main][ ][cn.sunline.ltts.frw.model.util.ModelManager:87][完成加载模型组[0.0s][0]：batch model upload]
[INFO ][09:13:10,586][main][ ][cn.sunline.ltts.frw.model.util.ModelManager:97][开始解析模型组：batch model upload]
[INFO ][09:13:10,586][main][ ][cn.sunline.ltts.frw.model.util.ModelManager:153][开始解析模型：batchfile[batch files]]
[INFO ][09:13:10,586][main][ ][cn.sunline.ltts.frw.model.util.ModelManager:158][完成解析模型[0.0s][0]：batchfile[batch files]]
[INFO ][09:13:10,586][main][ ][cn.sunline.ltts.frw.model.util.ModelManager:153][开始解析模型：batchTran[batch transaction]]
[INFO ][09:13:10,586][main][ ][cn.sunline.ltts.frw.model.util.ModelManager:158][完成解析模型[0.0s][0]：batchTran[batch transaction]]
[INFO ][09:13:10,586][main][ ][cn.sunline.ltts.frw.model.util.ModelManager:102][完成解析模型组[0.0s][0]：batch model upload]
[INFO ][09:13:10,586][main][ ][cn.sunline.ltts.frw.model.util.ModelManager:75][开始加载模型组：named SQL configuration]
[INFO ][09:13:10,586][main][ ][cn.sunline.ltts.frw.model.util.ModelManager:153][开始加载模型：namedsql[named SQL]]
[INFO ][09:13:10,636][main][ ][cn.sunline.ltts.frw.model.util.ModelManager:158][完成加载模型[0.05s][9]：namedsql[named SQL]]
[INFO ][09:13:10,636][main][ ][cn.sunline.ltts.frw.model.util.ModelManager:87][完成加载模型组[0.05s][9]：named SQL configuration]
[INFO ][09:13:10,636][main][ ][cn.sunline.ltts.frw.model.util.ModelManager:97][开始解析模型组：named SQL configuration]
[INFO ][09:13:10,636][main][ ][cn.sunline.ltts.frw.model.util.ModelManager:153][开始解析模型：namedsql[named SQL]]
[INFO ][09:13:10,636][main][ ][cn.sunline.ltts.frw.model.util.ModelManager:158][完成解析模型[0.0s][11]：namedsql[named SQL]]
[INFO ][09:13:10,636][main][ ][cn.sunline.ltts.frw.model.util.ModelManager:102][完成解析模型组[0.0s][11]：named SQL configuration]
[INFO ][09:13:10,646][main][ ][cn.sunline.ltts.frw.model.util.ModelManager:75][开始加载模型组：component configuration]
[INFO ][09:13:10,646][main][ ][cn.sunline.ltts.frw.model.util.ModelManager:153][开始加载模型：component[component configuration]]
[INFO ][09:13:10,696][main][ ][cn.sunline.ltts.frw.model.util.ModelManager:158][完成加载模型[0.05s][11]：component[component configuration]]
[INFO ][09:13:10,696][main][ ][cn.sunline.ltts.frw.model.util.ModelManager:87][完成加载模型组[0.05s][11]：component configuration]
[INFO ][09:13:10,696][main][ ][cn.sunline.ltts.frw.model.util.ModelManager:97][开始解析模型组：component configuration]
[INFO ][09:13:10,696][main][ ][cn.sunline.ltts.frw.model.util.ModelManager:153][开始解析模型：component[component configuration]]
[INFO ][09:13:10,706][main][ ][cn.sunline.ltts.frw.model.util.ModelManager:158][完成解析模型[0.01s][11]：component[component configuration]]
[INFO ][09:13:10,706][main][ ][cn.sunline.ltts.frw.model.util.ModelManager:102][完成解析模型组[0.01s][11]：component configuration]
[INFO ][09:13:10,706][main][ ][cn.sunline.ltts.frw.model.util.ModelManager:75][开始加载模型组：服务配置]
[INFO ][09:13:10,706][main][ ][cn.sunline.ltts.frw.model.util.ModelManager:153][开始加载模型：serviceType[服务类型]]
[INFO ][09:13:10,746][main][ ][cn.sunline.ltts.frw.model.util.ModelManager:158][完成加载模型[0.04s][10]：serviceType[服务类型]]
[INFO ][09:13:10,746][main][ ][cn.sunline.ltts.frw.model.util.ModelManager:153][开始加载模型：serviceImplementation[服务实现]]
[INFO ][09:13:10,756][main][ ][cn.sunline.ltts.frw.model.util.ModelManager:158][完成加载模型[0.01s][5]：serviceImplementation[服务实现]]
[INFO ][09:13:10,756][main][ ][cn.sunline.ltts.frw.model.util.ModelManager:87][完成加载模型组[0.05s][15]：服务配置]
[INFO ][09:13:10,756][main][ ][cn.sunline.ltts.frw.model.util.ModelManager:97][开始解析模型组：服务配置]
[INFO ][09:13:10,756][main][ ][cn.sunline.ltts.frw.model.util.ModelManager:153][开始解析模型：serviceType[服务类型]]
[INFO ][09:13:10,766][main][ ][cn.sunline.ltts.frw.model.util.ModelManager:158][完成解析模型[0.01s][10]：serviceType[服务类型]]
[INFO ][09:13:10,766][main][ ][cn.sunline.ltts.frw.model.util.ModelManager:153][开始解析模型：serviceImplementation[服务实现]]
[INFO ][09:13:10,766][main][ ][cn.sunline.ltts.frw.model.util.ModelManager:158][完成解析模型[0.0s][5]：serviceImplementation[服务实现]]
[INFO ][09:13:10,766][main][ ][cn.sunline.ltts.frw.model.util.ModelManager:102][完成解析模型组[0.01s][15]：服务配置]
[INFO ][09:13:10,766][main][ ][cn.sunline.ltts.frw.model.util.ModelManager:75][开始加载模型组：report model configuration]
[INFO ][09:13:10,766][main][ ][cn.sunline.ltts.frw.model.util.ModelManager:153][开始加载模型：report[report model]]
[INFO ][09:13:10,766][main][ ][cn.sunline.ltts.frw.model.util.ModelManager:158][完成加载模型[0.0s][0]：report[report model]]
[INFO ][09:13:10,766][main][ ][cn.sunline.ltts.frw.model.util.ModelManager:87][完成加载模型组[0.0s][0]：report model configuration]
[INFO ][09:13:10,766][main][ ][cn.sunline.ltts.frw.model.util.ModelManager:97][开始解析模型组：report model configuration]
[INFO ][09:13:10,766][main][ ][cn.sunline.ltts.frw.model.util.ModelManager:153][开始解析模型：report[report model]]
[INFO ][09:13:10,766][main][ ][cn.sunline.ltts.frw.model.util.ModelManager:158][完成解析模型[0.0s][0]：report[report model]]
[INFO ][09:13:10,766][main][ ][cn.sunline.ltts.frw.model.util.ModelManager:102][完成解析模型组[0.0s][0]：report model configuration]
[INFO ][09:13:10,766][main][ ][cn.sunline.ltts.frw.model.util.ModelManager:75][开始加载模型组：online model upload]
[INFO ][09:13:10,766][main][ ][cn.sunline.ltts.frw.model.util.ModelManager:153][开始加载模型：trans[online transaction]]
[INFO ][09:13:10,816][main][ ][cn.sunline.ltts.frw.model.util.ModelManager:158][完成加载模型[0.05s][19]：trans[online transaction]]
[INFO ][09:13:10,816][main][ ][cn.sunline.ltts.frw.model.util.ModelManager:87][完成加载模型组[0.05s][19]：online model upload]
[INFO ][09:13:10,816][main][ ][cn.sunline.ltts.frw.model.util.ModelManager:97][开始解析模型组：online model upload]
[INFO ][09:13:10,816][main][ ][cn.sunline.ltts.frw.model.util.ModelManager:153][开始解析模型：trans[online transaction]]
[INFO ][09:13:10,826][main][ ][cn.sunline.ltts.frw.model.util.ModelManager:158][完成解析模型[0.01s][19]：trans[online transaction]]
[INFO ][09:13:10,826][main][ ][cn.sunline.ltts.frw.model.util.ModelManager:102][完成解析模型组[0.01s][19]：online model upload]
[INFO ][09:13:10,826][main][ ][cn.sunline.ltts.frw.model.util.ModelManager:75][开始加载模型组：联机模型加载]
[INFO ][09:13:10,826][main][ ][cn.sunline.ltts.frw.model.util.ModelManager:153][开始加载模型：crtrans[CR联机交易]]
[INFO ][09:13:10,826][main][ ][cn.sunline.ltts.frw.model.util.ModelManager:158][完成加载模型[0.0s][0]：crtrans[CR联机交易]]
[INFO ][09:13:10,826][main][ ][cn.sunline.ltts.frw.model.util.ModelManager:87][完成加载模型组[0.0s][0]：联机模型加载]
[INFO ][09:13:10,826][main][ ][cn.sunline.ltts.frw.model.util.ModelManager:97][开始解析模型组：联机模型加载]
[INFO ][09:13:10,826][main][ ][cn.sunline.ltts.frw.model.util.ModelManager:153][开始解析模型：crtrans[CR联机交易]]
[INFO ][09:13:10,826][main][ ][cn.sunline.ltts.frw.model.util.ModelManager:158][完成解析模型[0.0s][0]：crtrans[CR联机交易]]
[INFO ][09:13:10,826][main][ ][cn.sunline.ltts.frw.model.util.ModelManager:102][完成解析模型组[0.0s][0]：联机模型加载]
[INFO ][09:13:11,466][main][ ][cn.sunline.ltts.frw.model.util.ModelManager:75][开始加载模型组：EngityDAO Loader]
[INFO ][09:13:11,466][main][ ][cn.sunline.ltts.frw.model.util.ModelManager:153][开始加载模型：systable[EntityDAO Loader]]
[INFO ][09:13:11,466][main][ ][cn.sunline.ltts.frw.model.util.ModelManager:158][完成加载模型[0.0s][0]：systable[EntityDAO Loader]]
[INFO ][09:13:11,466][main][ ][cn.sunline.ltts.frw.model.util.ModelManager:87][完成加载模型组[0.0s][0]：EngityDAO Loader]
[INFO ][09:13:11,466][main][ ][cn.sunline.ltts.frw.model.util.ModelManager:97][开始解析模型组：EngityDAO Loader]
[INFO ][09:13:11,466][main][ ][cn.sunline.ltts.frw.model.util.ModelManager:153][开始解析模型：systable[EntityDAO Loader]]
[INFO ][09:13:11,466][main][ ][cn.sunline.ltts.frw.model.util.ModelManager:158][完成解析模型[0.0s][0]：systable[EntityDAO Loader]]
[INFO ][09:13:11,466][main][ ][cn.sunline.ltts.frw.model.util.ModelManager:102][完成解析模型组[0.0s][0]：EngityDAO Loader]
[INFO ][09:13:11,466][main][ ][cn.sunline.ltts.plugin.core.ModelManagerPlugin:53][核心模型配置文件加载 完成]
[INFO ][09:13:11,466][main][ ][cn.sunline.edsp.microcore.plugin.impl.PluginManager:99][plugin [模型管理插件] started]
[INFO ][09:13:11,466][main][ ][cn.sunline.edsp.microcore.plugin.impl.PluginManager:95][plugin [服务类型插件] starting...]
[INFO ][09:13:11,466][main][ ][cn.sunline.edsp.service.type.ServiceTypePlugin:40][初始化业务加载组件]
[INFO ][09:13:11,476][main][ ][cn.sunline.edsp.microcore.plugin.impl.PluginManager:99][plugin [服务类型插件] started]
[INFO ][09:13:11,476][main][ ][cn.sunline.edsp.microcore.plugin.impl.PluginManager:95][plugin [数据字典引用解析插件] starting...]
[INFO ][09:13:11,476][main][ ][cn.sunline.edsp.microcore.plugin.impl.PluginManager:99][plugin [数据字典引用解析插件] started]
[INFO ][09:13:11,476][main][ ][cn.sunline.edsp.microcore.plugin.impl.PluginManager:95][plugin [数据访问管理插件] starting...]
[INFO ][09:13:11,476][main][ ][cn.sunline.ltts.plugin.core.DaoManagerPlugin:30][启动Dao管理组件 ]
[INFO ][09:13:11,517][main][ ][cn.sunline.edsp.microcore.plugin.impl.PluginManager:99][plugin [数据访问管理插件] started]
[INFO ][09:13:11,517][main][ ][cn.sunline.edsp.microcore.plugin.impl.PluginManager:95][plugin [联机交易引擎插件] starting...]
[INFO ][09:13:11,517][main][ ][cn.sunline.ltts.plugin.online.OnlineEnginePlugin:44][初始化交易扩展点配置组件]
[INFO ][09:13:11,517][main][ ][cn.sunline.edsp.microcore.plugin.impl.PluginManager:99][plugin [联机交易引擎插件] started]
[INFO ][09:13:11,517][main][ ][cn.sunline.edsp.microcore.plugin.impl.PluginManager:95][plugin [组件和服务模型配置管理插件] starting...]
[INFO ][09:13:11,517][main][ ][cn.sunline.edsp.microcore.plugin.impl.PluginManager:99][plugin [组件和服务模型配置管理插件] started]
[INFO ][09:13:11,517][main][ ][cn.sunline.edsp.microcore.plugin.impl.PluginManager:95][plugin [NamedServcie实例自动发现插件] starting...]
[INFO ][09:13:11,687][main][ ][cn.sunline.edsp.microcore.plugin.impl.PluginManager:99][plugin [NamedServcie实例自动发现插件] started]
[INFO ][09:13:11,687][main][ ][cn.sunline.edsp.microcore.plugin.impl.PluginManager:95][plugin [参数刷新轮训线程插件] starting...]
[INFO ][09:13:11,687][main][ ][cn.sunline.edsp.microcore.plugin.impl.PluginManager:99][plugin [参数刷新轮训线程插件] started]
[INFO ][09:13:11,687][main][ ][cn.sunline.edsp.microcore.plugin.impl.PluginManager:95][plugin [批量调度引擎插件] starting...]
[INFO ][09:13:11,687][main][ ][cn.sunline.edsp.microcore.plugin.impl.PluginManager:99][plugin [批量调度引擎插件] started]
[INFO ][09:13:11,687][main][ ][cn.sunline.edsp.microcore.plugin.impl.PluginManager:95][plugin [批量参数管理插件] starting...]
[INFO ][09:13:11,687][main][ ][cn.sunline.edsp.microcore.plugin.impl.PluginManager:99][plugin [批量参数管理插件] started]
[INFO ][09:13:11,687][main][ ][cn.sunline.edsp.microcore.plugin.impl.PluginManager:95][plugin [批量执行引擎配置管理器插件] starting...]
[INFO ][09:13:11,687][main][ ][cn.sunline.edsp.microcore.plugin.impl.PluginManager:99][plugin [批量执行引擎配置管理器插件] started]
[INFO ][09:13:11,687][main][ ][cn.sunline.edsp.microcore.plugin.impl.PluginManager:95][plugin [批量作业服务器插件] starting...]
[INFO ][09:13:11,687][main][ ][cn.sunline.ltts.plugin.batch.BatchJobServerPlugin:86][开始启动批量作业服务器...]
[INFO ][09:13:11,687][main][ ][cn.sunline.edsp.microcore.plugin.impl.PluginManager:99][plugin [批量作业服务器插件] started]
[INFO ][09:13:11,687][main][ ][cn.sunline.edsp.microcore.plugin.impl.PluginManager:95][plugin [批量定时调度服务插件] starting...]
[INFO ][09:13:11,687][main][ ][cn.sunline.ltts.plugin.batch.BatchTimedSchedulerServerPlugin:54][开始启动批量定时调度服务组件...]
[INFO ][09:13:11,747][main][ ][cn.sunline.edsp.microcore.plugin.impl.PluginManager:99][plugin [批量定时调度服务插件] started]
[INFO ][09:13:11,747][main][ ][cn.sunline.edsp.microcore.plugin.impl.PluginManager:95][plugin [批量任务管理插件] starting...]
[INFO ][09:13:11,747][main][ ][cn.sunline.ltts.plugin.batch.BatchTaskAdminServerPlugin:54][启动初始化批量任务管理组件...]
[INFO ][09:13:11,747][main][ ][cn.sunline.ltts.plugin.batch.admin.BatchTaskAdminServer:55][启动初始化批量交易执行轮询线程...]
[INFO ][09:13:11,747][main][ ][cn.sunline.ltts.plugin.batch.admin.BatchTaskAdminServer:66][启动初始化批量任务健康检查轮询线程...]
[INFO ][09:13:11,747][main][ ][cn.sunline.edsp.microcore.plugin.impl.PluginManager:99][plugin [批量任务管理插件] started]
[INFO ][09:13:11,747][main][ ][cn.sunline.edsp.microcore.plugin.impl.PluginManager:95][plugin [批量任务执行主控服务器插件] starting...]
[INFO ][09:13:11,747][main][ ][cn.sunline.ltts.plugin.batch.LocalBatchTaskExecuteServerManagerPlugin:91][启动初始化批量交易组执行域服务器管理器...]
[INFO ][09:13:11,797][main][ ][cn.sunline.ltts.plugin.batch.LocalBatchTaskExecuteServerManagerPlugin:102][开始启动基于NETTY的批量任务执行主控接入服务器...]
[INFO ][09:13:12,257][main][ ][cn.sunline.ltts.common.net.comm.AbstractServer:43][启动服务 Port:5889]
[INFO ][09:13:12,257][main][ ][cn.sunline.ltts.plugin.batch.LocalBatchTaskExecuteServerManagerPlugin:113][开始启动基于TCP的批量任务执行主控接入服务器...]
[INFO ][09:13:12,257][main][ ][cn.sunline.edsp.microcore.plugin.impl.PluginManager:99][plugin [批量任务执行主控服务器插件] started]
[INFO ][09:13:12,257][main][ ][cn.sunline.edsp.microcore.plugin.impl.PluginManager:95][plugin [批量批量插件] starting...]
[INFO ][09:13:12,257][main][ ][cn.sunline.edsp.microcore.plugin.impl.PluginManager:99][plugin [批量批量插件] started]
[INFO ][09:13:12,257][main][ ][cn.sunline.edsp.microcore.plugin.impl.PluginManager:95][plugin [公共客户化插件] starting...]
[INFO ][09:13:12,257][main][ ][cn.sunline.edsp.microcore.plugin.impl.PluginManager:99][plugin [公共客户化插件] started]
[INFO ][09:13:12,257][main][ ][cn.sunline.edsp.microcore.plugin.impl.PluginManager:95][plugin [CR交易引擎门面插件] starting...]
[INFO ][09:13:12,257][main][ ][cn.sunline.edsp.microcore.plugin.impl.PluginManager:99][plugin [CR交易引擎门面插件] started]
[INFO ][09:13:12,257][main][ ][cn.sunline.edsp.microcore.plugin.impl.PluginManager:95][plugin [Midware Registry Plugin] starting...]
[INFO ][09:13:12,257][main][ ][cn.sunline.edsp.microcore.plugin.impl.PluginManager:99][plugin [Midware Registry Plugin] started]
[INFO ][09:13:12,257][main][ ][cn.sunline.edsp.microcore.plugin.impl.PluginManager:95][plugin [分布式交易服务插件] starting...]
[INFO ][09:13:12,257][main][ ][cn.sunline.edsp.microcore.plugin.impl.PluginManager:99][plugin [分布式交易服务插件] started]
[INFO ][09:13:12,257][main][ ][cn.sunline.edsp.microcore.plugin.impl.PluginManager:95][plugin [RPC Core Plugin] starting...]
[INFO ][09:13:12,347][main][ ][cn.sunline.edsp.microcore.plugin.impl.PluginManager:99][plugin [RPC Core Plugin] started]
[INFO ][09:13:12,347][main][ ][cn.sunline.edsp.microcore.plugin.impl.PluginManager:95][plugin [接入http插件] starting...]
[INFO ][09:13:12,357][main][ ][cn.sunline.edsp.microcore.plugin.impl.PluginManager:99][plugin [接入http插件] started]
[INFO ][09:13:12,357][main][ ][cn.sunline.edsp.microcore.plugin.impl.PluginManager:95][plugin [RPC Transporting Runtime Plugin] starting...]
[INFO ][09:13:12,357][main][ ][cn.sunline.edsp.microcore.plugin.impl.PluginManager:99][plugin [RPC Transporting Runtime Plugin] started]
[INFO ][09:13:12,357][main][ ][cn.sunline.edsp.microcore.plugin.impl.PluginManager:95][plugin [RPC Transporting Runtime Plugin] starting...]
[INFO ][09:13:12,357][main][ ][cn.sunline.edsp.microcore.plugin.impl.PluginManager:99][plugin [RPC Transporting Runtime Plugin] started]
[INFO ][09:13:12,357][main][ ][cn.sunline.edsp.microcore.plugin.impl.PluginManager:95][plugin [RPC monitor runtime plugin] starting...]
[INFO ][09:13:12,367][main][ ][cn.sunline.edsp.microcore.plugin.impl.PluginManager:99][plugin [RPC monitor runtime plugin] started]
[INFO ][09:13:12,367][main][ ][cn.sunline.edsp.microcore.plugin.impl.PluginManager:95][plugin [drs-common plugin] starting...]
[INFO ][09:13:12,367][main][ ][cn.sunline.edsp.microcore.plugin.impl.PluginManager:99][plugin [drs-common plugin] started]
[INFO ][09:13:12,367][main][ ][cn.sunline.edsp.microcore.plugin.impl.PluginManager:95][plugin [drs-impl plugin] starting...]
[INFO ][09:13:12,367][main][ ][cn.sunline.edsp.microcore.plugin.impl.PluginManager:99][plugin [drs-impl plugin] started]
[INFO ][09:13:12,367][main][ ][cn.sunline.edsp.microcore.plugin.impl.PluginManager:95][plugin [分布式处理客户化插件] starting...]
[INFO ][09:13:12,367][main][ ][cn.sunline.edsp.microcore.plugin.impl.PluginManager:99][plugin [分布式处理客户化插件] started]
[INFO ][09:13:12,367][main][ ][cn.sunline.edsp.microcore.plugin.impl.PluginManager:95][plugin [平台客户化批量交易插件] starting...]
[INFO ][09:13:12,367][main][ ][cn.sunline.edsp.microcore.plugin.impl.PluginManager:99][plugin [平台客户化批量交易插件] started]
[INFO ][09:13:12,367][main][ ][cn.sunline.edsp.microcore.plugin.impl.PluginManager:95][plugin [并发外调插件] starting...]
[INFO ][09:13:12,367][main][ ][cn.sunline.ltts.config.impl.DefaultConfigManager:55][加载配置元数据定义文件:server/parallelcall.config.xml]
[INFO ][09:13:12,377][main][ ][cn.sunline.ltts.config.impl.DefaultConfigManager:160][加载文件[class path resource [server/parallelcall.config.xml]]:[class cn.sunline.edsp.parallel.componet.ParallelCallConfig]]
[INFO ][09:13:12,377][main][ ][cn.sunline.edsp.microcore.plugin.impl.PluginManager:99][plugin [并发外调插件] started]
[INFO ][09:13:12,377][main][ ][cn.sunline.edsp.microcore.plugin.impl.PluginManager:109][all plugins started]
[INFO ][09:13:14,467][Thread-7][ ][cn.sunline.edsp.microcore.plugin.impl.PluginManager:120][plugin [并发外调插件] stopping]
[INFO ][09:13:14,467][Thread-7][ ][cn.sunline.edsp.microcore.plugin.impl.PluginManager:124][plugin [并发外调插件] stopped]
[INFO ][09:13:14,467][Thread-7][ ][cn.sunline.edsp.microcore.plugin.impl.PluginManager:120][plugin [平台客户化批量交易插件] stopping]
[INFO ][09:13:14,467][Thread-7][ ][cn.sunline.edsp.microcore.plugin.impl.PluginManager:124][plugin [平台客户化批量交易插件] stopped]
[INFO ][09:13:14,467][Thread-7][ ][cn.sunline.edsp.microcore.plugin.impl.PluginManager:120][plugin [分布式处理客户化插件] stopping]
[INFO ][09:13:14,467][Thread-7][ ][cn.sunline.edsp.microcore.plugin.impl.PluginManager:124][plugin [分布式处理客户化插件] stopped]
[INFO ][09:13:14,467][Thread-7][ ][cn.sunline.edsp.microcore.plugin.impl.PluginManager:120][plugin [drs-impl plugin] stopping]
[INFO ][09:13:14,467][Thread-7][ ][cn.sunline.edsp.microcore.plugin.impl.PluginManager:124][plugin [drs-impl plugin] stopped]
[INFO ][09:13:14,467][Thread-7][ ][cn.sunline.edsp.microcore.plugin.impl.PluginManager:120][plugin [drs-common plugin] stopping]
[INFO ][09:13:14,467][Thread-7][ ][cn.sunline.edsp.microcore.plugin.impl.PluginManager:124][plugin [drs-common plugin] stopped]
[INFO ][09:13:14,467][Thread-7][ ][cn.sunline.edsp.microcore.plugin.impl.PluginManager:120][plugin [分布式路由器插件] stopping]
[INFO ][09:13:14,467][Thread-7][ ][cn.sunline.edsp.microcore.plugin.impl.PluginManager:124][plugin [分布式路由器插件] stopped]
[INFO ][09:13:14,467][Thread-7][ ][cn.sunline.edsp.microcore.plugin.impl.PluginManager:120][plugin [接出RPC插件] stopping]
[INFO ][09:14:42,972][main][ ][cn.sunline.edsp.microcore.plugin.impl.PluginConfManager:214][global plugin configure file [plugin-global-conf.properties]]
[INFO ][09:14:42,972][main][ ][cn.sunline.edsp.microcore.plugin.impl.PluginConfManager:218][global plugin configure file [plugin-global-conf.properties] not found]
[ERROR][09:14:43,452][main][ ][cn.sunline.ltts.frw.model.util.ModelClassManager:79][IllegalArgumentException:java.lang.ClassNotFoundException: cn.sunline.ltts.dao.util.DBEnumProvider]
[INFO ][09:14:43,513][main][ ][cn.sunline.edsp.microcore.plugin.impl.PluginConfManager:197][plugin configure loading>>>>>>>>>>>>>>>>>>>>>>>>>>>>]
[INFO ][09:14:43,513][main][ ][cn.sunline.edsp.microcore.plugin.impl.PluginConfManager:201][plugin [edsp-micro-core] [SunEDSP Micro Core Plugin] [0]]
[INFO ][09:14:43,513][main][ ][cn.sunline.edsp.microcore.plugin.impl.PluginConfManager:201][plugin [base] [Midware Base Plugin] [1]]
[INFO ][09:14:43,513][main][ ][cn.sunline.edsp.microcore.plugin.impl.PluginConfManager:201][plugin [core] [基础服务核心插件] [8]]
[INFO ][09:14:43,513][main][ ][cn.sunline.edsp.microcore.plugin.impl.PluginConfManager:201][plugin [cache] [缓存插件] [9]]
[INFO ][09:14:43,513][main][ ][cn.sunline.edsp.microcore.plugin.impl.PluginConfManager:201][plugin [log_mng] [日志管理插件] [10]]
[INFO ][09:14:43,513][main][ ][cn.sunline.edsp.microcore.plugin.impl.PluginConfManager:201][plugin [sys_param_mng] [系统参数管理插件] [12]]
[INFO ][09:14:43,513][main][ ][cn.sunline.edsp.microcore.plugin.impl.PluginConfManager:201][plugin [performance] [系统调优插件] [13]]
[INFO ][09:14:43,513][main][ ][cn.sunline.edsp.microcore.plugin.impl.PluginConfManager:201][plugin [model_mng] [模型管理插件] [15]]
[INFO ][09:14:43,513][main][ ][cn.sunline.edsp.microcore.plugin.impl.PluginConfManager:201][plugin [service] [服务类型插件] [16]]
[INFO ][09:14:43,513][main][ ][cn.sunline.edsp.microcore.plugin.impl.PluginConfManager:201][plugin [ref_reflect] [数据字典引用解析插件] [16]]
[INFO ][09:14:43,513][main][ ][cn.sunline.edsp.microcore.plugin.impl.PluginConfManager:201][plugin [dbpass_security] [数据库用户密码安全插件] [18]]
[INFO ][09:14:43,513][main][ ][cn.sunline.edsp.microcore.plugin.impl.PluginConfManager:201][plugin [dao_mng] [数据访问管理插件] [19]]
[INFO ][09:14:43,513][main][ ][cn.sunline.edsp.microcore.plugin.impl.PluginConfManager:201][plugin [online] [联机交易引擎插件] [20]]
[INFO ][09:14:43,513][main][ ][cn.sunline.edsp.microcore.plugin.impl.PluginConfManager:201][plugin [component] [组件和服务模型配置管理插件] [21]]
[INFO ][09:14:43,513][main][ ][cn.sunline.edsp.microcore.plugin.impl.PluginConfManager:201][plugin [discovery] [NamedServcie实例自动发现插件] [22]]
[INFO ][09:14:43,513][main][ ][cn.sunline.edsp.microcore.plugin.impl.PluginConfManager:201][plugin [health_check] [健康检查插件] [23]]
[INFO ][09:14:43,513][main][ ][cn.sunline.edsp.microcore.plugin.impl.PluginConfManager:201][plugin [parm_refresh] [参数刷新轮训线程插件] [24]]
[INFO ][09:14:43,513][main][ ][cn.sunline.edsp.microcore.plugin.impl.PluginConfManager:201][plugin [model_prehot] [启动对所有元数据模型进行对象构造插件] [25]]
[INFO ][09:14:43,513][main][ ][cn.sunline.edsp.microcore.plugin.impl.PluginConfManager:201][plugin [batch] [批量调度引擎插件] [30]]
[INFO ][09:14:43,513][main][ ][cn.sunline.edsp.microcore.plugin.impl.PluginConfManager:201][plugin [seq_mng] [Sequence管理插件] [30]]
[INFO ][09:14:43,513][main][ ][cn.sunline.edsp.microcore.plugin.impl.PluginConfManager:201][plugin [batch_parm] [批量参数管理插件] [31]]
[INFO ][09:14:43,513][main][ ][cn.sunline.edsp.microcore.plugin.impl.PluginConfManager:201][plugin [batch_engine_config] [批量执行引擎配置管理器插件] [32]]
[INFO ][09:14:43,513][main][ ][cn.sunline.edsp.microcore.plugin.impl.PluginConfManager:201][plugin [batch_job_srv] [批量作业服务器插件] [33]]
[INFO ][09:14:43,513][main][ ][cn.sunline.edsp.microcore.plugin.impl.PluginConfManager:201][plugin [batch_timer_srv] [批量定时调度服务插件] [34]]
[INFO ][09:14:43,513][main][ ][cn.sunline.edsp.microcore.plugin.impl.PluginConfManager:201][plugin [batch_adm_srv] [批量任务管理插件] [35]]
[INFO ][09:14:43,513][main][ ][cn.sunline.edsp.microcore.plugin.impl.PluginConfManager:201][plugin [batch_domain_srv] [批量任务执行主控服务器插件] [36]]
[INFO ][09:14:43,513][main][ ][cn.sunline.edsp.microcore.plugin.impl.PluginConfManager:201][plugin [batch_file] [批量批量插件] [37]]
[INFO ][09:14:43,513][main][ ][cn.sunline.edsp.microcore.plugin.impl.PluginConfManager:201][plugin [tcp_as] [基于tcp协议的通讯接入插件] [40]]
[INFO ][09:14:43,513][main][ ][cn.sunline.edsp.microcore.plugin.impl.PluginConfManager:201][plugin [custom] [公共客户化插件] [80]]
[INFO ][09:14:43,513][main][ ][cn.sunline.edsp.microcore.plugin.impl.PluginConfManager:201][plugin [CRPlugin] [CR交易引擎门面插件] [88]]
[INFO ][09:14:43,513][main][ ][cn.sunline.edsp.microcore.plugin.impl.PluginConfManager:201][plugin [registry] [Midware Registry Plugin] [100]]
[INFO ][09:14:43,513][main][ ][cn.sunline.edsp.microcore.plugin.impl.PluginConfManager:201][plugin [notify] [平台通知插件] [100]]
[INFO ][09:14:43,513][main][ ][cn.sunline.edsp.microcore.plugin.impl.PluginConfManager:201][plugin [dtsp] [分布式交易服务插件] [120]]
[INFO ][09:14:43,513][main][ ][cn.sunline.edsp.microcore.plugin.impl.PluginConfManager:201][plugin [error_code] [内外部错误码扩展插件] [120]]
[INFO ][09:14:43,513][main][ ][cn.sunline.edsp.microcore.plugin.impl.PluginConfManager:201][plugin [rpc-core] [RPC Core Plugin] [200]]
[INFO ][09:14:43,513][main][ ][cn.sunline.edsp.microcore.plugin.impl.PluginConfManager:201][plugin [access_http] [接入http插件] [200]]
[INFO ][09:14:43,513][main][ ][cn.sunline.edsp.microcore.plugin.impl.PluginConfManager:201][plugin [rpc-rt-transport] [RPC Transporting Runtime Plugin] [220]]
[INFO ][09:14:43,513][main][ ][cn.sunline.edsp.microcore.plugin.impl.PluginConfManager:201][plugin [rpc-rt-transport-cmq] [RPC Transporting Runtime Plugin] [221]]
[INFO ][09:14:43,513][main][ ][cn.sunline.edsp.microcore.plugin.impl.PluginConfManager:201][plugin [rpc-rt-monitor] [RPC monitor runtime plugin] [270]]
[INFO ][09:14:43,513][main][ ][cn.sunline.edsp.microcore.plugin.impl.PluginConfManager:201][plugin [rpc_common] [RPC公共插件] [300]]
[INFO ][09:14:43,513][main][ ][cn.sunline.edsp.microcore.plugin.impl.PluginConfManager:201][plugin [rpc_inbound] [接入RPC插件] [301]]
[INFO ][09:14:43,513][main][ ][cn.sunline.edsp.microcore.plugin.impl.PluginConfManager:201][plugin [rpc_outbound] [接出RPC插件] [302]]
[INFO ][09:14:43,513][main][ ][cn.sunline.edsp.microcore.plugin.impl.PluginConfManager:201][plugin [dtsp_route] [分布式路由器插件] [320]]
[INFO ][09:14:43,513][main][ ][cn.sunline.edsp.microcore.plugin.impl.PluginConfManager:201][plugin [drs-common] [drs-common plugin] [370]]
[INFO ][09:14:43,513][main][ ][cn.sunline.edsp.microcore.plugin.impl.PluginConfManager:201][plugin [drs-impl] [drs-impl plugin] [372]]
[INFO ][09:14:43,513][main][ ][cn.sunline.edsp.microcore.plugin.impl.PluginConfManager:201][plugin [dtspCustom] [分布式处理客户化插件] [1010]]
[INFO ][09:14:43,513][main][ ][cn.sunline.edsp.microcore.plugin.impl.PluginConfManager:201][plugin [batch_trans_custom] [平台客户化批量交易插件] [1060]]
[INFO ][09:14:43,513][main][ ][cn.sunline.edsp.microcore.plugin.impl.PluginConfManager:201][plugin [parallelcall] [并发外调插件] [5000000]]
[INFO ][09:14:43,513][main][ ][cn.sunline.edsp.microcore.plugin.impl.PluginConfManager:204][plugin configure loaded>>>>>>>>>>>>>>>>>>>>>>>>>>>>]
[INFO ][09:14:43,513][main][ ][cn.sunline.edsp.microcore.plugin.impl.PluginManager:47][plugins initializing]
[INFO ][09:14:43,513][main][ ][cn.sunline.edsp.microcore.plugin.impl.PluginManager:65][plugin [SunEDSP Micro Core Plugin] initialized: 0.0 s]
[INFO ][09:14:43,513][main][ ][cn.sunline.edsp.microcore.plugin.impl.PluginManager:65][plugin [Midware Base Plugin] initialized: 0.0 s]
[INFO ][09:14:43,523][main][ ][cn.sunline.edsp.microcore.plugin.impl.PluginManager:65][plugin [基础服务核心插件] initialized: 0.01 s]
[INFO ][09:14:43,523][main][ ][cn.sunline.edsp.microcore.plugin.impl.PluginManager:65][plugin [缓存插件] initialized: 0.0 s]
[INFO ][09:14:43,553][main][ ][cn.sunline.ltts.config.impl.DefaultConfigManager:55][加载配置元数据定义文件:server/server-log-manager.xml]
[INFO ][09:14:43,653][main][ ][cn.sunline.ltts.config.impl.DefaultConfigManager:160][加载文件[class path resource [server/server-log-manager.xml]]:[class cn.sunline.ltts.base.logging.config.LogConfigManagerConfig]]
[INFO ][09:14:43,673][main][ ][cn.sunline.ltts.plugin.core.LogConfigManagerPlugin:30][准备初始化日志配置管理器]
[INFO ][09:14:43,673][main][ ][cn.sunline.edsp.microcore.plugin.impl.PluginManager:65][plugin [日志管理插件] initialized: 0.15 s]
[INFO ][09:14:43,673][main][ ][cn.sunline.ltts.config.impl.DefaultConfigManager:55][加载配置元数据定义文件:server/server-systemparam-manager.xml]
[INFO ][09:14:43,683][main][ ][cn.sunline.ltts.config.impl.DefaultConfigManager:160][加载文件[class path resource [server/server-systemparam-manager.xml]]:[class cn.sunline.ltts.plugin.core.config.SystemParamManagerConfig]]
[INFO ][09:14:43,693][main][ ][cn.sunline.ltts.plugin.core.SystemParamManagerPlugin:48][系统选项=[{pm=true, pl=3, rcc=true, ct=false, xml=false, psqsl=false, cibp=false, upp=false, io=log,odb,ognl,bean,pack,enum,dataMapping,db, imof=false, fmnf=false, brfl=true, brfc=false, edc=false, eseds=true}] ]
[INFO ][09:14:43,693][main][ ][cn.sunline.edsp.microcore.plugin.impl.PluginManager:65][plugin [系统参数管理插件] initialized: 0.02 s]
[INFO ][09:14:43,693][main][ ][cn.sunline.ltts.config.impl.DefaultConfigManager:55][加载配置元数据定义文件:server/server-performance.xml]
[INFO ][09:14:43,693][main][ ][cn.sunline.ltts.config.impl.DefaultConfigManager:160][加载文件[class path resource [server/server-performance.xml]]:[class cn.sunline.ltts.plugin.core.config.PerformanceConfig]]
[WARN ][09:14:43,693][main][ ][cn.sunline.ltts.plugin.core.PerformancePlugin:27][末找到配置，性能优化组件将不会启动]
[INFO ][09:14:43,693][main][ ][cn.sunline.ltts.config.impl.DefaultConfigManager:55][加载配置元数据定义文件:server/server-core-model-manager.xml]
[INFO ][09:14:43,733][main][ ][cn.sunline.ltts.config.impl.DefaultConfigManager:160][加载文件[class path resource [server/server-core-model-manager.xml]]:[class cn.sunline.ltts.plugin.core.config.ModelManagerConfig]]
[INFO ][09:14:43,743][main][ ][cn.sunline.edsp.microcore.plugin.impl.PluginManager:65][plugin [模型管理插件] initialized: 0.05 s]
[INFO ][09:14:43,743][main][ ][cn.sunline.edsp.microcore.plugin.impl.PluginManager:65][plugin [服务类型插件] initialized: 0.0 s]
[INFO ][09:14:43,743][main][ ][cn.sunline.edsp.microcore.plugin.impl.PluginManager:65][plugin [数据字典引用解析插件] initialized: 0.0 s]
[INFO ][09:14:43,743][main][ ][cn.sunline.ltts.config.impl.DefaultConfigManager:55][加载配置元数据定义文件:server/server-dbpass-security.xml]
[INFO ][09:14:43,743][main][ ][cn.sunline.ltts.config.impl.DefaultConfigManager:160][加载文件[class path resource [server/server-dbpass-security.xml]]:[class cn.sunline.ltts.plugin.core.config.DBPassSecurityServiceConfig]]
[INFO ][09:14:43,743][main][ ][cn.sunline.ltts.config.impl.DefaultConfigManager:55][加载配置元数据定义文件:server/server-dao-manager.xml]
[INFO ][09:14:43,913][main][ ][cn.sunline.ltts.config.impl.DefaultConfigManager:160][加载文件[class path resource [server/server-dao-manager.xml]]:[class cn.sunline.ltts.dao.DaoConfig]]
[INFO ][09:14:43,923][main][ ][cn.sunline.ltts.plugin.core.DaoManagerPlugin:63][准备初始化Dao管理组件]
[INFO ][09:14:43,923][main][ ][cn.sunline.edsp.microcore.plugin.impl.PluginManager:65][plugin [数据访问管理插件] initialized: 0.18 s]
[INFO ][09:14:43,923][main][ ][cn.sunline.ltts.config.impl.DefaultConfigManager:55][加载配置元数据定义文件:server/server-engine-extension.xml]
[INFO ][09:14:43,933][main][ ][cn.sunline.ltts.config.impl.DefaultConfigManager:160][加载文件[class path resource [server/server-engine-extension.xml]]:[class cn.sunline.ltts.plugin.online.engine.EngineExtensionConfig]]
[INFO ][09:14:43,943][main][ ][cn.sunline.edsp.microcore.plugin.impl.PluginManager:65][plugin [联机交易引擎插件] initialized: 0.02 s]
[INFO ][09:14:43,943][main][ ][cn.sunline.edsp.microcore.plugin.impl.PluginManager:65][plugin [组件和服务模型配置管理插件] initialized: 0.0 s]
[INFO ][09:14:43,943][main][ ][cn.sunline.ltts.config.impl.DefaultConfigManager:55][加载配置元数据定义文件:server/server-discovery.xml]
[INFO ][09:14:43,953][main][ ][cn.sunline.ltts.config.impl.DefaultConfigManager:160][加载文件[class path resource [server/server-discovery.xml]]:[class cn.sunline.ltts.plugin.core.discovery.DiscoveryServiceConfig]]
[WARN ][09:14:43,953][main][ ][cn.sunline.ltts.plugin.core.DiscoveryPlugin:62][准备初始化DiscoveryService!]
[INFO ][09:14:43,953][main][ ][cn.sunline.edsp.microcore.plugin.impl.PluginManager:65][plugin [NamedServcie实例自动发现插件] initialized: 0.01 s]
[INFO ][09:14:43,953][main][ ][cn.sunline.ltts.config.impl.DefaultConfigManager:55][加载配置元数据定义文件:server/server-healthcheck.xml]
[INFO ][09:14:43,963][main][ ][cn.sunline.ltts.config.impl.DefaultConfigManager:160][加载文件[class path resource [server/server-healthcheck.xml]]:[class cn.sunline.ltts.plugin.core.healthcheck.HealthCheckServiceConfig]]
[WARN ][09:14:43,963][main][ ][cn.sunline.ltts.plugin.core.HealthCheckPlugin:47][健康检查组件配置不存在, 服务不启动!]
[INFO ][09:14:43,963][main][ ][cn.sunline.ltts.plugin.core.ParmRefreshPollThreadPlugin:38][初始化参数刷新轮询线程组件]
[INFO ][09:14:43,963][main][ ][cn.sunline.edsp.microcore.plugin.impl.PluginManager:65][plugin [参数刷新轮训线程插件] initialized: 0.0 s]
[INFO ][09:14:43,963][main][ ][cn.sunline.ltts.plugin.core.ModelPrehotPlugin:103][enablePrehot=false,Core模型预热组件将不会启动]
[INFO ][09:14:43,963][main][ ][cn.sunline.edsp.microcore.plugin.impl.PluginManager:65][plugin [批量调度引擎插件] initialized: 0.0 s]
[INFO ][09:14:43,963][main][ ][cn.sunline.ltts.config.impl.DefaultConfigManager:55][加载配置元数据定义文件:server/server-sequence-manager.xml]
[INFO ][09:14:43,973][main][ ][cn.sunline.ltts.config.impl.DefaultConfigManager:160][加载文件[class path resource [server/server-sequence-manager.xml]]:[class cn.sunline.ltts.engine.sequence.SequenceManagerServiceConfig]]
[WARN ][09:14:43,973][main][ ][cn.sunline.ltts.plugin.core.SequenceManagerPlugin:26][末找到配置，Sequence扩展机制不会启用，采用默认配置]
[INFO ][09:14:43,973][main][ ][cn.sunline.ltts.config.impl.DefaultConfigManager:55][加载配置元数据定义文件:server/server-batch-parm.xml]
[INFO ][09:14:43,983][main][ ][cn.sunline.ltts.config.impl.DefaultConfigManager:160][加载文件[class path resource [server/server-batch-parm.xml]]:[class cn.sunline.ltts.plugin.batch.parm.BatchParmConfig]]
[INFO ][09:14:43,983][main][ ][cn.sunline.ltts.plugin.batch.BatchParmManagerPlugin:30][准备初始化批量参数管理组件]
[INFO ][09:14:43,983][main][ ][cn.sunline.edsp.microcore.plugin.impl.PluginManager:65][plugin [批量参数管理插件] initialized: 0.01 s]
[INFO ][09:14:43,983][main][ ][cn.sunline.ltts.config.impl.DefaultConfigManager:55][加载配置元数据定义文件:server/server-batch-engine.xml]
[INFO ][09:14:43,993][main][ ][cn.sunline.ltts.config.impl.DefaultConfigManager:160][加载文件[class path resource [server/server-batch-engine.xml]]:[class cn.sunline.ltts.plugin.batch.engine.config.BatchEngineConfig]]
[INFO ][09:14:43,993][main][ ][cn.sunline.edsp.microcore.plugin.impl.PluginManager:65][plugin [批量执行引擎配置管理器插件] initialized: 0.01 s]
[INFO ][09:14:43,993][main][ ][cn.sunline.ltts.config.impl.DefaultConfigManager:55][加载配置元数据定义文件:server/server-batch-job.xml]
[INFO ][09:14:44,013][main][ ][cn.sunline.ltts.config.impl.DefaultConfigManager:160][加载文件[class path resource [server/server-batch-job.xml]]:[class cn.sunline.ltts.plugin.batch.job.BatchJobServerConfig]]
[INFO ][09:14:44,013][main][ ][cn.sunline.ltts.plugin.batch.BatchJobServerPlugin:53][准备初始化批量作业服务器组件 ]
[INFO ][09:14:44,013][main][ ][cn.sunline.ltts.plugin.batch.BatchJobServerPlugin:58][开始初始化批量作业服务器... ]
[INFO ][09:14:44,073][main][ ][cn.sunline.edsp.microcore.plugin.impl.PluginManager:65][plugin [批量作业服务器插件] initialized: 0.08 s]
[INFO ][09:14:44,073][main][ ][cn.sunline.ltts.config.impl.DefaultConfigManager:55][加载配置元数据定义文件:server/server-batch-timer.xml]
[INFO ][09:14:44,073][main][ ][cn.sunline.ltts.config.impl.DefaultConfigManager:160][加载文件[class path resource [server/server-batch-timer.xml]]:[class cn.sunline.ltts.plugin.batch.timer.BatchTimerSchedulerServerConfig]]
[INFO ][09:14:44,083][main][ ][cn.sunline.ltts.plugin.batch.BatchTimedSchedulerServerPlugin:38][开始初始化批量定时调度服务组件...]
[INFO ][09:14:44,083][main][ ][cn.sunline.edsp.microcore.plugin.impl.PluginManager:65][plugin [批量定时调度服务插件] initialized: 0.01 s]
[INFO ][09:14:44,083][main][ ][cn.sunline.ltts.config.impl.DefaultConfigManager:55][加载配置元数据定义文件:server/server-batch-admin.xml]
[INFO ][09:14:44,093][main][ ][cn.sunline.ltts.config.impl.DefaultConfigManager:160][加载文件[class path resource [server/server-batch-admin.xml]]:[class cn.sunline.ltts.plugin.batch.admin.BatchTaskAdminServerConfig]]
[INFO ][09:14:44,103][main][ ][cn.sunline.ltts.plugin.batch.BatchTaskAdminServerPlugin:37][准备初始化批量任务管理组件]
[INFO ][09:14:44,103][main][ ][cn.sunline.ltts.plugin.batch.admin.BatchTaskAdminServer:31][开始初始化批量任务健康检查轮询线程...]
[INFO ][09:14:44,103][main][ ][cn.sunline.ltts.plugin.batch.admin.BatchTaskAdminServer:42][开始初始化批量交易执行轮询线程...]
[INFO ][09:14:44,103][main][ ][cn.sunline.edsp.microcore.plugin.impl.PluginManager:65][plugin [批量任务管理插件] initialized: 0.02 s]
[INFO ][09:14:44,103][main][ ][cn.sunline.ltts.config.impl.DefaultConfigManager:55][加载配置元数据定义文件:server/server-batch-domain.xml]
[INFO ][09:14:44,123][main][ ][cn.sunline.ltts.config.impl.DefaultConfigManager:160][加载文件[class path resource [server/server-batch-domain.xml]]:[class cn.sunline.ltts.plugin.batch.domain.BatchTaskExecuteServerConfig]]
[INFO ][09:14:44,123][main][ ][cn.sunline.ltts.plugin.batch.LocalBatchTaskExecuteServerManagerPlugin:45][准备初始化批量任务执行主控服务器组件]
[INFO ][09:14:44,123][main][ ][cn.sunline.ltts.plugin.batch.LocalBatchTaskExecuteServerManagerPlugin:49][开始初始化批量交易组执行域服务器管理器...]
[INFO ][09:14:44,133][main][ ][cn.sunline.ltts.plugin.batch.LocalBatchTaskExecuteServerManagerPlugin:61][开始初始化基于NETTY的批量任务执行主控接入服务器...]
[INFO ][09:14:44,193][main][ ][cn.sunline.ltts.plugin.batch.LocalBatchTaskExecuteServerManagerPlugin:72][开始初始化基于TCP的批量任务执行主控接入服务器...]
[INFO ][09:14:44,193][main][ ][cn.sunline.edsp.microcore.plugin.impl.PluginManager:65][plugin [批量任务执行主控服务器插件] initialized: 0.09 s]
[INFO ][09:14:44,193][main][ ][cn.sunline.ltts.config.impl.DefaultConfigManager:55][加载配置元数据定义文件:server/server-batch-file.xml]
[INFO ][09:14:44,203][main][ ][cn.sunline.ltts.config.impl.DefaultConfigManager:160][加载文件[class path resource [server/server-batch-file.xml]]:[class cn.sunline.ltts.plugin.batch.engine.config.FileBatchConfig]]
[INFO ][09:14:44,203][main][ ][cn.sunline.edsp.microcore.plugin.impl.PluginManager:65][plugin [批量批量插件] initialized: 0.01 s]
[INFO ][09:14:44,203][main][ ][cn.sunline.ltts.config.impl.DefaultConfigManager:55][加载配置元数据定义文件:server/server-access-tcp.xml]
[INFO ][09:14:44,233][main][ ][cn.sunline.ltts.config.impl.DefaultConfigManager:160][加载文件[class path resource [server/server-access-tcp.xml]]:[class cn.sunline.ltts.srv.socket.biz.BizServerConfig]]
[WARN ][09:14:44,233][main][ ][cn.sunline.ltts.access.tcp.plugin.TCPOnlineServerPlugin:47][末找到配置，应用服务器将不会启动]
[INFO ][09:14:44,243][main][ ][cn.sunline.edsp.microcore.plugin.impl.PluginManager:65][plugin [公共客户化插件] initialized: 0.01 s]
[INFO ][09:14:44,253][main][ ][cn.sunline.edsp.microcore.plugin.impl.PluginManager:65][plugin [CR交易引擎门面插件] initialized: 0.0 s]
[INFO ][09:14:44,253][main][ ][cn.sunline.edsp.microcore.plugin.impl.PluginManager:65][plugin [Midware Registry Plugin] initialized: 0.0 s]
[INFO ][09:14:44,253][main][ ][cn.sunline.ltts.config.impl.DefaultConfigManager:55][加载配置元数据定义文件:server/server-notify.xml]
[INFO ][09:14:44,253][main][ ][cn.sunline.ltts.config.impl.DefaultConfigManager:160][加载文件[class path resource [server/server-notify.xml]]:[class cn.sunline.edsp.notify.plugin.conf.NotifyConfig]]
[WARN ][09:14:44,253][main][ ][cn.sunline.edsp.notify.plugin.NotifyPlugin:80][末找到配置，通知插件不会启动]
[INFO ][09:14:44,253][main][ ][cn.sunline.edsp.microcore.plugin.impl.PluginManager:65][plugin [分布式交易服务插件] initialized: 0.0 s]
[INFO ][09:14:44,253][main][ ][cn.sunline.ltts.config.impl.DefaultConfigManager:55][加载配置元数据定义文件:conf/error_code_conf.xml]
[INFO ][09:14:44,263][main][ ][cn.sunline.ltts.config.impl.DefaultConfigManager:160][加载文件[class path resource [conf/error_code_conf.xml]]:[class cn.sunline.edsp.plugin.error.code.conf.ErrorCodeConfig]]
[INFO ][09:14:44,283][main][ ][cn.sunline.edsp.microcore.plugin.impl.PluginManager:65][plugin [RPC Core Plugin] initialized: 0.02 s]
[INFO ][09:14:44,283][main][ ][cn.sunline.ltts.config.impl.DefaultConfigManager:55][加载配置元数据定义文件:conf/acces_http_conf.xml]
[INFO ][09:14:44,283][main][ ][cn.sunline.ltts.config.impl.DefaultConfigManager:160][加载文件[class path resource [conf/acces_http_conf.xml]]:[class cn.sunline.edsp.access.http.plugin.conf.AccessHttpConfig]]
[INFO ][09:14:44,283][main][ ][cn.sunline.edsp.microcore.plugin.impl.PluginManager:65][plugin [接入http插件] initialized: 0.0 s]
[INFO ][09:14:44,293][main][ ][cn.sunline.edsp.microcore.plugin.impl.PluginManager:65][plugin [RPC Transporting Runtime Plugin] initialized: 0.01 s]
[INFO ][09:14:44,293][main][ ][cn.sunline.edsp.microcore.plugin.impl.PluginManager:65][plugin [RPC Transporting Runtime Plugin] initialized: 0.0 s]
[INFO ][09:14:44,293][main][ ][cn.sunline.edsp.microcore.plugin.impl.PluginManager:65][plugin [RPC monitor runtime plugin] initialized: 0.0 s]
[INFO ][09:14:44,293][main][ ][cn.sunline.ltts.config.impl.DefaultConfigManager:55][加载配置元数据定义文件:server/server-rpc.xml]
[INFO ][09:14:44,313][main][ ][cn.sunline.ltts.config.impl.DefaultConfigManager:160][加载文件[class path resource [server/server-rpc.xml]]:[class cn.sunline.edsp.rpc.plugin.conf.RPCServerConfig]]
[WARN ][09:14:44,313][main][ ][cn.sunline.edsp.rpc.plugin.RPCCommonPlugin:20][末找到配置，RPC接入接出组件不会启动]
[INFO ][09:14:44,313][main][ ][cn.sunline.ltts.config.impl.DefaultConfigManager:55][加载配置元数据定义文件:server/server-drs.xml]
[INFO ][09:14:44,323][main][ ][cn.sunline.ltts.config.impl.DefaultConfigManager:160][加载文件[class path resource [server/server-drs.xml]]:[class cn.sunline.edsp.plugin.dtsp.route.config.IDrsClientConfig]]
[ERROR][09:14:44,323][main][ ][cn.sunline.edsp.plugin.dtsp.route.DtspRoutePlugin:19][末找到配置，分布式路由定位组件不会启动]
[INFO ][09:14:44,323][main][ ][cn.sunline.edsp.microcore.plugin.impl.PluginManager:65][plugin [drs-common plugin] initialized: 0.0 s]
[INFO ][09:14:44,323][main][ ][cn.sunline.edsp.microcore.plugin.impl.PluginManager:65][plugin [drs-impl plugin] initialized: 0.0 s]
[INFO ][09:14:44,323][main][ ][cn.sunline.edsp.microcore.plugin.impl.PluginManager:65][plugin [分布式处理客户化插件] initialized: 0.0 s]
[INFO ][09:14:44,333][main][ ][cn.sunline.edsp.microcore.plugin.impl.PluginManager:65][plugin [平台客户化批量交易插件] initialized: 0.01 s]
[INFO ][09:14:44,333][main][ ][cn.sunline.edsp.microcore.plugin.impl.PluginManager:65][plugin [并发外调插件] initialized: 0.0 s]
[INFO ][09:14:44,333][main][ ][cn.sunline.edsp.microcore.plugin.impl.PluginManager:86][all plugins initialized]
[INFO ][09:14:44,333][main][ ][cn.sunline.edsp.microcore.plugin.impl.PluginManager:95][plugin [SunEDSP Micro Core Plugin] starting...]
[INFO ][09:14:44,333][main][ ][cn.sunline.edsp.microcore.plugin.impl.PluginManager:99][plugin [SunEDSP Micro Core Plugin] started]
[INFO ][09:14:44,333][main][ ][cn.sunline.edsp.microcore.plugin.impl.PluginManager:95][plugin [Midware Base Plugin] starting...]
[INFO ][09:14:44,333][main][ ][cn.sunline.edsp.microcore.plugin.impl.PluginManager:99][plugin [Midware Base Plugin] started]
[INFO ][09:14:44,333][main][ ][cn.sunline.edsp.microcore.plugin.impl.PluginManager:95][plugin [基础服务核心插件] starting...]
[INFO ][09:14:44,333][main][ ][cn.sunline.edsp.microcore.plugin.impl.PluginManager:99][plugin [基础服务核心插件] started]
[INFO ][09:14:44,333][main][ ][cn.sunline.edsp.microcore.plugin.impl.PluginManager:95][plugin [缓存插件] starting...]
[INFO ][09:14:44,333][main][ ][cn.sunline.edsp.microcore.plugin.impl.PluginManager:99][plugin [缓存插件] started]
[INFO ][09:14:44,333][main][ ][cn.sunline.edsp.microcore.plugin.impl.PluginManager:95][plugin [日志管理插件] starting...]
[INFO ][09:14:44,333][main][ ][cn.sunline.edsp.microcore.plugin.impl.PluginManager:99][plugin [日志管理插件] started]
[INFO ][09:14:44,333][main][ ][cn.sunline.edsp.microcore.plugin.impl.PluginManager:95][plugin [系统参数管理插件] starting...]
[INFO ][09:14:44,333][main][ ][cn.sunline.edsp.microcore.plugin.impl.PluginManager:99][plugin [系统参数管理插件] started]
[INFO ][09:14:44,333][main][ ][cn.sunline.edsp.microcore.plugin.impl.PluginManager:95][plugin [模型管理插件] starting...]
[INFO ][09:14:44,333][main][ ][cn.sunline.ltts.plugin.core.ModelManagerPlugin:33][准备初始化模型管理组件]
[INFO ][09:14:44,423][main][ ][cn.sunline.ltts.plugin.core.ModelManagerPlugin:50][准备加载核心模型配置文件]
[INFO ][09:14:44,873][main][ ][cn.sunline.ltts.frw.model.util.ModelManager:75][开始加载模型组：standard configuration]
[INFO ][09:14:44,873][main][ ][cn.sunline.ltts.frw.model.util.ModelManager:153][开始加载模型：datatype[data type]]
[INFO ][09:14:45,014][main][ ][cn.sunline.ltts.frw.model.util.ModelManager:158][完成加载模型[0.141s][6]：datatype[data type]]
[INFO ][09:14:45,014][main][ ][cn.sunline.ltts.frw.model.util.ModelManager:153][开始加载模型：dict[data dictionary]]
[INFO ][09:14:45,044][main][ ][cn.sunline.ltts.frw.model.util.ModelManager:158][完成加载模型[0.03s][3]：dict[data dictionary]]
[INFO ][09:14:45,044][main][ ][cn.sunline.ltts.frw.model.util.ModelManager:153][开始加载模型：type[composite type]]
[INFO ][09:14:45,074][main][ ][cn.sunline.ltts.frw.model.util.ModelManager:158][完成加载模型[0.03s][10]：type[composite type]]
[INFO ][09:14:45,074][main][ ][cn.sunline.ltts.frw.model.util.ModelManager:153][开始加载模型：dbtable[table structure]]
[INFO ][09:14:45,204][main][ ][cn.sunline.ltts.frw.model.util.ModelManager:158][完成加载模型[0.13s][15]：dbtable[table structure]]
[INFO ][09:14:45,204][main][ ][cn.sunline.ltts.frw.model.util.ModelManager:153][开始加载模型：parm[parameter model]]
[INFO ][09:14:45,204][main][ ][cn.sunline.ltts.frw.model.util.ModelManager:158][完成加载模型[0.0s][0]：parm[parameter model]]
[INFO ][09:14:45,204][main][ ][cn.sunline.ltts.frw.model.util.ModelManager:87][完成加载模型组[0.331s][34]：standard configuration]
[INFO ][09:14:45,204][main][ ][cn.sunline.ltts.frw.model.util.ModelManager:97][开始解析模型组：standard configuration]
[INFO ][09:14:45,204][main][ ][cn.sunline.ltts.frw.model.util.ModelManager:153][开始解析模型：datatype[data type]]
[INFO ][09:14:45,254][main][ ][cn.sunline.ltts.frw.model.util.ModelManager:158][完成解析模型[0.05s][34]：datatype[data type]]
[INFO ][09:14:45,254][main][ ][cn.sunline.ltts.frw.model.util.ModelManager:153][开始解析模型：dict[data dictionary]]
[INFO ][09:14:45,254][main][ ][cn.sunline.ltts.frw.model.util.ModelManager:158][完成解析模型[0.0s][34]：dict[data dictionary]]
[INFO ][09:14:45,254][main][ ][cn.sunline.ltts.frw.model.util.ModelManager:153][开始解析模型：type[composite type]]
[INFO ][09:14:45,254][main][ ][cn.sunline.ltts.frw.model.util.ModelManager:158][完成解析模型[0.0s][34]：type[composite type]]
[INFO ][09:14:45,254][main][ ][cn.sunline.ltts.frw.model.util.ModelManager:153][开始解析模型：dbtable[table structure]]
[INFO ][09:14:45,254][main][ ][cn.sunline.ltts.frw.model.util.ModelManager:158][完成解析模型[0.0s][34]：dbtable[table structure]]
[INFO ][09:14:45,254][main][ ][cn.sunline.ltts.frw.model.util.ModelManager:153][开始解析模型：parm[parameter model]]
[INFO ][09:14:45,254][main][ ][cn.sunline.ltts.frw.model.util.ModelManager:158][完成解析模型[0.0s][34]：parm[parameter model]]
[INFO ][09:14:45,254][main][ ][cn.sunline.ltts.frw.model.util.ModelManager:102][完成解析模型组[0.05s][170]：standard configuration]
[INFO ][09:14:45,254][main][ ][cn.sunline.ltts.frw.model.util.ModelManager:75][开始加载模型组：global error code configuratioin]
[INFO ][09:14:45,254][main][ ][cn.sunline.ltts.frw.model.util.ModelManager:153][开始加载模型：error[global error code]]
[INFO ][09:14:45,304][main][ ][cn.sunline.ltts.frw.model.util.ModelManager:158][完成加载模型[0.05s][14]：error[global error code]]
[INFO ][09:14:45,304][main][ ][cn.sunline.ltts.frw.model.util.ModelManager:87][完成加载模型组[0.05s][14]：global error code configuratioin]
[INFO ][09:14:45,304][main][ ][cn.sunline.ltts.frw.model.util.ModelManager:97][开始解析模型组：global error code configuratioin]
[INFO ][09:14:45,304][main][ ][cn.sunline.ltts.frw.model.util.ModelManager:153][开始解析模型：error[global error code]]
[INFO ][09:14:45,314][main][ ][cn.sunline.ltts.frw.model.util.ModelManager:158][完成解析模型[0.01s][14]：error[global error code]]
[INFO ][09:14:45,314][main][ ][cn.sunline.ltts.frw.model.util.ModelManager:102][完成解析模型组[0.01s][14]：global error code configuratioin]
[INFO ][09:14:45,314][main][ ][cn.sunline.ltts.frw.model.util.ModelManager:75][开始加载模型组：batch model upload]
[INFO ][09:14:45,314][main][ ][cn.sunline.ltts.frw.model.util.ModelManager:153][开始加载模型：batchfile[batch files]]
[INFO ][09:14:45,314][main][ ][cn.sunline.ltts.frw.model.util.ModelManager:158][完成加载模型[0.0s][0]：batchfile[batch files]]
[INFO ][09:14:45,314][main][ ][cn.sunline.ltts.frw.model.util.ModelManager:153][开始加载模型：batchTran[batch transaction]]
[INFO ][09:14:45,314][main][ ][cn.sunline.ltts.frw.model.util.ModelManager:158][完成加载模型[0.0s][0]：batchTran[batch transaction]]
[INFO ][09:14:45,314][main][ ][cn.sunline.ltts.frw.model.util.ModelManager:87][完成加载模型组[0.0s][0]：batch model upload]
[INFO ][09:14:45,314][main][ ][cn.sunline.ltts.frw.model.util.ModelManager:97][开始解析模型组：batch model upload]
[INFO ][09:14:45,314][main][ ][cn.sunline.ltts.frw.model.util.ModelManager:153][开始解析模型：batchfile[batch files]]
[INFO ][09:14:45,314][main][ ][cn.sunline.ltts.frw.model.util.ModelManager:158][完成解析模型[0.0s][0]：batchfile[batch files]]
[INFO ][09:14:45,314][main][ ][cn.sunline.ltts.frw.model.util.ModelManager:153][开始解析模型：batchTran[batch transaction]]
[INFO ][09:14:45,314][main][ ][cn.sunline.ltts.frw.model.util.ModelManager:158][完成解析模型[0.0s][0]：batchTran[batch transaction]]
[INFO ][09:14:45,314][main][ ][cn.sunline.ltts.frw.model.util.ModelManager:102][完成解析模型组[0.0s][0]：batch model upload]
[INFO ][09:14:45,314][main][ ][cn.sunline.ltts.frw.model.util.ModelManager:75][开始加载模型组：named SQL configuration]
[INFO ][09:14:45,314][main][ ][cn.sunline.ltts.frw.model.util.ModelManager:153][开始加载模型：namedsql[named SQL]]
[INFO ][09:14:45,364][main][ ][cn.sunline.ltts.frw.model.util.ModelManager:158][完成加载模型[0.05s][9]：namedsql[named SQL]]
[INFO ][09:14:45,364][main][ ][cn.sunline.ltts.frw.model.util.ModelManager:87][完成加载模型组[0.05s][9]：named SQL configuration]
[INFO ][09:14:45,364][main][ ][cn.sunline.ltts.frw.model.util.ModelManager:97][开始解析模型组：named SQL configuration]
[INFO ][09:14:45,364][main][ ][cn.sunline.ltts.frw.model.util.ModelManager:153][开始解析模型：namedsql[named SQL]]
[INFO ][09:14:45,374][main][ ][cn.sunline.ltts.frw.model.util.ModelManager:158][完成解析模型[0.01s][11]：namedsql[named SQL]]
[INFO ][09:14:45,374][main][ ][cn.sunline.ltts.frw.model.util.ModelManager:102][完成解析模型组[0.01s][11]：named SQL configuration]
[INFO ][09:14:45,374][main][ ][cn.sunline.ltts.frw.model.util.ModelManager:75][开始加载模型组：component configuration]
[INFO ][09:14:45,374][main][ ][cn.sunline.ltts.frw.model.util.ModelManager:153][开始加载模型：component[component configuration]]
[INFO ][09:14:45,424][main][ ][cn.sunline.ltts.frw.model.util.ModelManager:158][完成加载模型[0.05s][11]：component[component configuration]]
[INFO ][09:14:45,424][main][ ][cn.sunline.ltts.frw.model.util.ModelManager:87][完成加载模型组[0.05s][11]：component configuration]
[INFO ][09:14:45,424][main][ ][cn.sunline.ltts.frw.model.util.ModelManager:97][开始解析模型组：component configuration]
[INFO ][09:14:45,424][main][ ][cn.sunline.ltts.frw.model.util.ModelManager:153][开始解析模型：component[component configuration]]
[INFO ][09:14:45,434][main][ ][cn.sunline.ltts.frw.model.util.ModelManager:158][完成解析模型[0.01s][11]：component[component configuration]]
[INFO ][09:14:45,434][main][ ][cn.sunline.ltts.frw.model.util.ModelManager:102][完成解析模型组[0.01s][11]：component configuration]
[INFO ][09:14:45,434][main][ ][cn.sunline.ltts.frw.model.util.ModelManager:75][开始加载模型组：服务配置]
[INFO ][09:14:45,434][main][ ][cn.sunline.ltts.frw.model.util.ModelManager:153][开始加载模型：serviceType[服务类型]]
[INFO ][09:14:45,464][main][ ][cn.sunline.ltts.frw.model.util.ModelManager:158][完成加载模型[0.03s][10]：serviceType[服务类型]]
[INFO ][09:14:45,464][main][ ][cn.sunline.ltts.frw.model.util.ModelManager:153][开始加载模型：serviceImplementation[服务实现]]
[INFO ][09:14:45,484][main][ ][cn.sunline.ltts.frw.model.util.ModelManager:158][完成加载模型[0.02s][5]：serviceImplementation[服务实现]]
[INFO ][09:14:45,484][main][ ][cn.sunline.ltts.frw.model.util.ModelManager:87][完成加载模型组[0.05s][15]：服务配置]
[INFO ][09:14:45,484][main][ ][cn.sunline.ltts.frw.model.util.ModelManager:97][开始解析模型组：服务配置]
[INFO ][09:14:45,484][main][ ][cn.sunline.ltts.frw.model.util.ModelManager:153][开始解析模型：serviceType[服务类型]]
[INFO ][09:14:45,484][main][ ][cn.sunline.ltts.frw.model.util.ModelManager:158][完成解析模型[0.0s][10]：serviceType[服务类型]]
[INFO ][09:14:45,484][main][ ][cn.sunline.ltts.frw.model.util.ModelManager:153][开始解析模型：serviceImplementation[服务实现]]
[INFO ][09:14:45,494][main][ ][cn.sunline.ltts.frw.model.util.ModelManager:158][完成解析模型[0.01s][5]：serviceImplementation[服务实现]]
[INFO ][09:14:45,494][main][ ][cn.sunline.ltts.frw.model.util.ModelManager:102][完成解析模型组[0.01s][15]：服务配置]
[INFO ][09:14:45,494][main][ ][cn.sunline.ltts.frw.model.util.ModelManager:75][开始加载模型组：report model configuration]
[INFO ][09:14:45,494][main][ ][cn.sunline.ltts.frw.model.util.ModelManager:153][开始加载模型：report[report model]]
[INFO ][09:14:45,494][main][ ][cn.sunline.ltts.frw.model.util.ModelManager:158][完成加载模型[0.0s][0]：report[report model]]
[INFO ][09:14:45,494][main][ ][cn.sunline.ltts.frw.model.util.ModelManager:87][完成加载模型组[0.0s][0]：report model configuration]
[INFO ][09:14:45,494][main][ ][cn.sunline.ltts.frw.model.util.ModelManager:97][开始解析模型组：report model configuration]
[INFO ][09:14:45,494][main][ ][cn.sunline.ltts.frw.model.util.ModelManager:153][开始解析模型：report[report model]]
[INFO ][09:14:45,494][main][ ][cn.sunline.ltts.frw.model.util.ModelManager:158][完成解析模型[0.0s][0]：report[report model]]
[INFO ][09:14:45,494][main][ ][cn.sunline.ltts.frw.model.util.ModelManager:102][完成解析模型组[0.0s][0]：report model configuration]
[INFO ][09:14:45,494][main][ ][cn.sunline.ltts.frw.model.util.ModelManager:75][开始加载模型组：online model upload]
[INFO ][09:14:45,494][main][ ][cn.sunline.ltts.frw.model.util.ModelManager:153][开始加载模型：trans[online transaction]]
[INFO ][09:14:45,544][main][ ][cn.sunline.ltts.frw.model.util.ModelManager:158][完成加载模型[0.05s][19]：trans[online transaction]]
[INFO ][09:14:45,544][main][ ][cn.sunline.ltts.frw.model.util.ModelManager:87][完成加载模型组[0.05s][19]：online model upload]
[INFO ][09:14:45,544][main][ ][cn.sunline.ltts.frw.model.util.ModelManager:97][开始解析模型组：online model upload]
[INFO ][09:14:45,544][main][ ][cn.sunline.ltts.frw.model.util.ModelManager:153][开始解析模型：trans[online transaction]]
[INFO ][09:14:45,554][main][ ][cn.sunline.ltts.frw.model.util.ModelManager:158][完成解析模型[0.01s][19]：trans[online transaction]]
[INFO ][09:14:45,554][main][ ][cn.sunline.ltts.frw.model.util.ModelManager:102][完成解析模型组[0.01s][19]：online model upload]
[INFO ][09:14:45,554][main][ ][cn.sunline.ltts.frw.model.util.ModelManager:75][开始加载模型组：联机模型加载]
[INFO ][09:14:45,554][main][ ][cn.sunline.ltts.frw.model.util.ModelManager:153][开始加载模型：crtrans[CR联机交易]]
[INFO ][09:14:45,554][main][ ][cn.sunline.ltts.frw.model.util.ModelManager:158][完成加载模型[0.0s][0]：crtrans[CR联机交易]]
[INFO ][09:14:45,554][main][ ][cn.sunline.ltts.frw.model.util.ModelManager:87][完成加载模型组[0.0s][0]：联机模型加载]
[INFO ][09:14:45,554][main][ ][cn.sunline.ltts.frw.model.util.ModelManager:97][开始解析模型组：联机模型加载]
[INFO ][09:14:45,554][main][ ][cn.sunline.ltts.frw.model.util.ModelManager:153][开始解析模型：crtrans[CR联机交易]]
[INFO ][09:14:45,554][main][ ][cn.sunline.ltts.frw.model.util.ModelManager:158][完成解析模型[0.0s][0]：crtrans[CR联机交易]]
[INFO ][09:14:45,554][main][ ][cn.sunline.ltts.frw.model.util.ModelManager:102][完成解析模型组[0.0s][0]：联机模型加载]
[INFO ][09:14:46,204][main][ ][cn.sunline.ltts.frw.model.util.ModelManager:75][开始加载模型组：EngityDAO Loader]
[INFO ][09:14:46,204][main][ ][cn.sunline.ltts.frw.model.util.ModelManager:153][开始加载模型：systable[EntityDAO Loader]]
[INFO ][09:14:46,204][main][ ][cn.sunline.ltts.frw.model.util.ModelManager:158][完成加载模型[0.0s][0]：systable[EntityDAO Loader]]
[INFO ][09:14:46,204][main][ ][cn.sunline.ltts.frw.model.util.ModelManager:87][完成加载模型组[0.0s][0]：EngityDAO Loader]
[INFO ][09:14:46,204][main][ ][cn.sunline.ltts.frw.model.util.ModelManager:97][开始解析模型组：EngityDAO Loader]
[INFO ][09:14:46,204][main][ ][cn.sunline.ltts.frw.model.util.ModelManager:153][开始解析模型：systable[EntityDAO Loader]]
[INFO ][09:14:46,204][main][ ][cn.sunline.ltts.frw.model.util.ModelManager:158][完成解析模型[0.0s][0]：systable[EntityDAO Loader]]
[INFO ][09:14:46,204][main][ ][cn.sunline.ltts.frw.model.util.ModelManager:102][完成解析模型组[0.0s][0]：EngityDAO Loader]
[INFO ][09:14:46,204][main][ ][cn.sunline.ltts.plugin.core.ModelManagerPlugin:53][核心模型配置文件加载 完成]
[INFO ][09:14:46,204][main][ ][cn.sunline.edsp.microcore.plugin.impl.PluginManager:99][plugin [模型管理插件] started]
[INFO ][09:14:46,204][main][ ][cn.sunline.edsp.microcore.plugin.impl.PluginManager:95][plugin [服务类型插件] starting...]
[INFO ][09:14:46,204][main][ ][cn.sunline.edsp.service.type.ServiceTypePlugin:40][初始化业务加载组件]
[INFO ][09:14:46,204][main][ ][cn.sunline.edsp.microcore.plugin.impl.PluginManager:99][plugin [服务类型插件] started]
[INFO ][09:14:46,214][main][ ][cn.sunline.edsp.microcore.plugin.impl.PluginManager:95][plugin [数据字典引用解析插件] starting...]
[INFO ][09:14:46,214][main][ ][cn.sunline.edsp.microcore.plugin.impl.PluginManager:99][plugin [数据字典引用解析插件] started]
[INFO ][09:14:46,214][main][ ][cn.sunline.edsp.microcore.plugin.impl.PluginManager:95][plugin [数据访问管理插件] starting...]
[INFO ][09:14:46,214][main][ ][cn.sunline.ltts.plugin.core.DaoManagerPlugin:30][启动Dao管理组件 ]
[INFO ][09:14:46,245][main][ ][cn.sunline.edsp.microcore.plugin.impl.PluginManager:99][plugin [数据访问管理插件] started]
[INFO ][09:14:46,245][main][ ][cn.sunline.edsp.microcore.plugin.impl.PluginManager:95][plugin [联机交易引擎插件] starting...]
[INFO ][09:14:46,245][main][ ][cn.sunline.ltts.plugin.online.OnlineEnginePlugin:44][初始化交易扩展点配置组件]
[INFO ][09:14:46,255][main][ ][cn.sunline.edsp.microcore.plugin.impl.PluginManager:99][plugin [联机交易引擎插件] started]
[INFO ][09:14:46,255][main][ ][cn.sunline.edsp.microcore.plugin.impl.PluginManager:95][plugin [组件和服务模型配置管理插件] starting...]
[INFO ][09:14:46,255][main][ ][cn.sunline.edsp.microcore.plugin.impl.PluginManager:99][plugin [组件和服务模型配置管理插件] started]
[INFO ][09:14:46,255][main][ ][cn.sunline.edsp.microcore.plugin.impl.PluginManager:95][plugin [NamedServcie实例自动发现插件] starting...]
[INFO ][09:14:46,405][main][ ][cn.sunline.edsp.microcore.plugin.impl.PluginManager:99][plugin [NamedServcie实例自动发现插件] started]
[INFO ][09:14:46,405][main][ ][cn.sunline.edsp.microcore.plugin.impl.PluginManager:95][plugin [参数刷新轮训线程插件] starting...]
[INFO ][09:14:46,405][main][ ][cn.sunline.edsp.microcore.plugin.impl.PluginManager:99][plugin [参数刷新轮训线程插件] started]
[INFO ][09:14:46,405][main][ ][cn.sunline.edsp.microcore.plugin.impl.PluginManager:95][plugin [批量调度引擎插件] starting...]
[INFO ][09:14:46,405][main][ ][cn.sunline.edsp.microcore.plugin.impl.PluginManager:99][plugin [批量调度引擎插件] started]
[INFO ][09:14:46,405][main][ ][cn.sunline.edsp.microcore.plugin.impl.PluginManager:95][plugin [批量参数管理插件] starting...]
[INFO ][09:14:46,405][main][ ][cn.sunline.edsp.microcore.plugin.impl.PluginManager:99][plugin [批量参数管理插件] started]
[INFO ][09:14:46,405][main][ ][cn.sunline.edsp.microcore.plugin.impl.PluginManager:95][plugin [批量执行引擎配置管理器插件] starting...]
[INFO ][09:14:46,405][main][ ][cn.sunline.edsp.microcore.plugin.impl.PluginManager:99][plugin [批量执行引擎配置管理器插件] started]
[INFO ][09:14:46,405][main][ ][cn.sunline.edsp.microcore.plugin.impl.PluginManager:95][plugin [批量作业服务器插件] starting...]
[INFO ][09:14:46,405][main][ ][cn.sunline.ltts.plugin.batch.BatchJobServerPlugin:86][开始启动批量作业服务器...]
[INFO ][09:14:46,405][main][ ][cn.sunline.edsp.microcore.plugin.impl.PluginManager:99][plugin [批量作业服务器插件] started]
[INFO ][09:14:46,405][main][ ][cn.sunline.edsp.microcore.plugin.impl.PluginManager:95][plugin [批量定时调度服务插件] starting...]
[INFO ][09:14:46,405][main][ ][cn.sunline.ltts.plugin.batch.BatchTimedSchedulerServerPlugin:54][开始启动批量定时调度服务组件...]
[INFO ][09:14:46,465][main][ ][cn.sunline.edsp.microcore.plugin.impl.PluginManager:99][plugin [批量定时调度服务插件] started]
[INFO ][09:14:46,465][main][ ][cn.sunline.edsp.microcore.plugin.impl.PluginManager:95][plugin [批量任务管理插件] starting...]
[INFO ][09:14:46,465][main][ ][cn.sunline.ltts.plugin.batch.BatchTaskAdminServerPlugin:54][启动初始化批量任务管理组件...]
[INFO ][09:14:46,465][main][ ][cn.sunline.ltts.plugin.batch.admin.BatchTaskAdminServer:55][启动初始化批量交易执行轮询线程...]
[INFO ][09:14:46,465][main][ ][cn.sunline.ltts.plugin.batch.admin.BatchTaskAdminServer:66][启动初始化批量任务健康检查轮询线程...]
[INFO ][09:14:46,465][main][ ][cn.sunline.edsp.microcore.plugin.impl.PluginManager:99][plugin [批量任务管理插件] started]
[INFO ][09:14:46,465][main][ ][cn.sunline.edsp.microcore.plugin.impl.PluginManager:95][plugin [批量任务执行主控服务器插件] starting...]
[INFO ][09:14:46,465][main][ ][cn.sunline.ltts.plugin.batch.LocalBatchTaskExecuteServerManagerPlugin:91][启动初始化批量交易组执行域服务器管理器...]
[INFO ][09:14:46,515][main][ ][cn.sunline.ltts.plugin.batch.LocalBatchTaskExecuteServerManagerPlugin:102][开始启动基于NETTY的批量任务执行主控接入服务器...]
[INFO ][09:14:46,905][main][ ][cn.sunline.ltts.common.net.comm.AbstractServer:43][启动服务 Port:5889]
[INFO ][09:14:46,905][main][ ][cn.sunline.ltts.plugin.batch.LocalBatchTaskExecuteServerManagerPlugin:113][开始启动基于TCP的批量任务执行主控接入服务器...]
[INFO ][09:14:46,905][main][ ][cn.sunline.edsp.microcore.plugin.impl.PluginManager:99][plugin [批量任务执行主控服务器插件] started]
[INFO ][09:14:46,905][main][ ][cn.sunline.edsp.microcore.plugin.impl.PluginManager:95][plugin [批量批量插件] starting...]
[INFO ][09:14:46,905][main][ ][cn.sunline.edsp.microcore.plugin.impl.PluginManager:99][plugin [批量批量插件] started]
[INFO ][09:14:46,905][main][ ][cn.sunline.edsp.microcore.plugin.impl.PluginManager:95][plugin [公共客户化插件] starting...]
[INFO ][09:14:46,905][main][ ][cn.sunline.edsp.microcore.plugin.impl.PluginManager:99][plugin [公共客户化插件] started]
[INFO ][09:14:46,905][main][ ][cn.sunline.edsp.microcore.plugin.impl.PluginManager:95][plugin [CR交易引擎门面插件] starting...]
[INFO ][09:14:46,905][main][ ][cn.sunline.edsp.microcore.plugin.impl.PluginManager:99][plugin [CR交易引擎门面插件] started]
[INFO ][09:14:46,905][main][ ][cn.sunline.edsp.microcore.plugin.impl.PluginManager:95][plugin [Midware Registry Plugin] starting...]
[INFO ][09:14:46,905][main][ ][cn.sunline.edsp.microcore.plugin.impl.PluginManager:99][plugin [Midware Registry Plugin] started]
[INFO ][09:14:46,905][main][ ][cn.sunline.edsp.microcore.plugin.impl.PluginManager:95][plugin [分布式交易服务插件] starting...]
[INFO ][09:14:46,905][main][ ][cn.sunline.edsp.microcore.plugin.impl.PluginManager:99][plugin [分布式交易服务插件] started]
[INFO ][09:14:46,905][main][ ][cn.sunline.edsp.microcore.plugin.impl.PluginManager:95][plugin [RPC Core Plugin] starting...]
[INFO ][09:14:46,975][main][ ][cn.sunline.edsp.microcore.plugin.impl.PluginManager:99][plugin [RPC Core Plugin] started]
[INFO ][09:14:46,975][main][ ][cn.sunline.edsp.microcore.plugin.impl.PluginManager:95][plugin [接入http插件] starting...]
[INFO ][09:14:46,985][main][ ][cn.sunline.edsp.microcore.plugin.impl.PluginManager:99][plugin [接入http插件] started]
[INFO ][09:14:46,985][main][ ][cn.sunline.edsp.microcore.plugin.impl.PluginManager:95][plugin [RPC Transporting Runtime Plugin] starting...]
[INFO ][09:14:46,985][main][ ][cn.sunline.edsp.microcore.plugin.impl.PluginManager:99][plugin [RPC Transporting Runtime Plugin] started]
[INFO ][09:14:46,985][main][ ][cn.sunline.edsp.microcore.plugin.impl.PluginManager:95][plugin [RPC Transporting Runtime Plugin] starting...]
[INFO ][09:14:46,985][main][ ][cn.sunline.edsp.microcore.plugin.impl.PluginManager:99][plugin [RPC Transporting Runtime Plugin] started]
[INFO ][09:14:46,985][main][ ][cn.sunline.edsp.microcore.plugin.impl.PluginManager:95][plugin [RPC monitor runtime plugin] starting...]
[INFO ][09:14:46,985][main][ ][cn.sunline.edsp.microcore.plugin.impl.PluginManager:99][plugin [RPC monitor runtime plugin] started]
[INFO ][09:14:46,985][main][ ][cn.sunline.edsp.microcore.plugin.impl.PluginManager:95][plugin [drs-common plugin] starting...]
[INFO ][09:14:46,985][main][ ][cn.sunline.edsp.microcore.plugin.impl.PluginManager:99][plugin [drs-common plugin] started]
[INFO ][09:14:46,985][main][ ][cn.sunline.edsp.microcore.plugin.impl.PluginManager:95][plugin [drs-impl plugin] starting...]
[INFO ][09:14:46,985][main][ ][cn.sunline.edsp.microcore.plugin.impl.PluginManager:99][plugin [drs-impl plugin] started]
[INFO ][09:14:46,985][main][ ][cn.sunline.edsp.microcore.plugin.impl.PluginManager:95][plugin [分布式处理客户化插件] starting...]
[INFO ][09:14:46,985][main][ ][cn.sunline.edsp.microcore.plugin.impl.PluginManager:99][plugin [分布式处理客户化插件] started]
[INFO ][09:14:46,985][main][ ][cn.sunline.edsp.microcore.plugin.impl.PluginManager:95][plugin [平台客户化批量交易插件] starting...]
[INFO ][09:14:46,985][main][ ][cn.sunline.edsp.microcore.plugin.impl.PluginManager:99][plugin [平台客户化批量交易插件] started]
[INFO ][09:14:46,985][main][ ][cn.sunline.edsp.microcore.plugin.impl.PluginManager:95][plugin [并发外调插件] starting...]
[INFO ][09:14:46,985][main][ ][cn.sunline.ltts.config.impl.DefaultConfigManager:55][加载配置元数据定义文件:server/parallelcall.config.xml]
[INFO ][09:14:46,995][main][ ][cn.sunline.ltts.config.impl.DefaultConfigManager:160][加载文件[class path resource [server/parallelcall.config.xml]]:[class cn.sunline.edsp.parallel.componet.ParallelCallConfig]]
[INFO ][09:14:46,995][main][ ][cn.sunline.edsp.microcore.plugin.impl.PluginManager:99][plugin [并发外调插件] started]
[INFO ][09:14:46,995][main][ ][cn.sunline.edsp.microcore.plugin.impl.PluginManager:109][all plugins started]
[INFO ][09:14:49,075][Thread-7][ ][cn.sunline.edsp.microcore.plugin.impl.PluginManager:120][plugin [并发外调插件] stopping]
[INFO ][09:14:49,075][Thread-7][ ][cn.sunline.edsp.microcore.plugin.impl.PluginManager:124][plugin [并发外调插件] stopped]
[INFO ][09:14:49,075][Thread-7][ ][cn.sunline.edsp.microcore.plugin.impl.PluginManager:120][plugin [平台客户化批量交易插件] stopping]
[INFO ][09:14:49,075][Thread-7][ ][cn.sunline.edsp.microcore.plugin.impl.PluginManager:124][plugin [平台客户化批量交易插件] stopped]
[INFO ][09:14:49,075][Thread-7][ ][cn.sunline.edsp.microcore.plugin.impl.PluginManager:120][plugin [分布式处理客户化插件] stopping]
[INFO ][09:14:49,075][Thread-7][ ][cn.sunline.edsp.microcore.plugin.impl.PluginManager:124][plugin [分布式处理客户化插件] stopped]
[INFO ][09:14:49,075][Thread-7][ ][cn.sunline.edsp.microcore.plugin.impl.PluginManager:120][plugin [drs-impl plugin] stopping]
[INFO ][09:14:49,075][Thread-7][ ][cn.sunline.edsp.microcore.plugin.impl.PluginManager:124][plugin [drs-impl plugin] stopped]
[INFO ][09:14:49,075][Thread-7][ ][cn.sunline.edsp.microcore.plugin.impl.PluginManager:120][plugin [drs-common plugin] stopping]
[INFO ][09:14:49,075][Thread-7][ ][cn.sunline.edsp.microcore.plugin.impl.PluginManager:124][plugin [drs-common plugin] stopped]
[INFO ][09:14:49,075][Thread-7][ ][cn.sunline.edsp.microcore.plugin.impl.PluginManager:120][plugin [分布式路由器插件] stopping]
[INFO ][09:14:49,075][Thread-7][ ][cn.sunline.edsp.microcore.plugin.impl.PluginManager:124][plugin [分布式路由器插件] stopped]
[INFO ][09:14:49,075][Thread-7][ ][cn.sunline.edsp.microcore.plugin.impl.PluginManager:120][plugin [接出RPC插件] stopping]
